#
# There is insufficient memory for the Java Runtime Environment to continue.
# Native memory allocation (malloc) failed to allocate 1490352 bytes for Chunk::new
# Possible reasons:
#   The system is out of physical RAM or swap space
#   The process is running with CompressedOops enabled, and the Java Heap may be blocking the growth of the native heap
# Possible solutions:
#   Reduce memory load on the system
#   Increase physical memory or swap space
#   Check if swap backing store is full
#   Decrease Java heap size (-Xmx/-Xms)
#   Decrease number of Java threads
#   Decrease Java thread stack sizes (-Xss)
#   Set larger code cache with -XX:ReservedCodeCacheSize=
#   JVM is running with Unscaled Compressed Oops mode in which the Java heap is
#     placed in the first 4GB address space. The Java Heap base address is the
#     maximum limit for the native heap growth. Please use -XX:HeapBaseMinAddress
#     to set the Java Heap base and to place the Java Heap above 4GB virtual address.
# This output file may be truncated or incomplete.
#
#  Out of Memory Error (t:/workspace/open/src/hotspot/share/memory/arena.cpp:196), pid=8084, tid=16712
#
# JRE version: Java(TM) SE Runtime Environment (13.0.1+9) (build 13.0.1+9)
# Java VM: Java HotSpot(TM) 64-Bit Server VM (13.0.1+9, mixed mode, sharing, tiered, compressed oops, g1 gc, windows-amd64)
# No core dump will be written. Minidumps are not enabled by default on client versions of Windows
#

---------------  S U M M A R Y ------------

Command Line: --add-opens=java.base/java.util=ALL-UNNAMED --add-opens=java.base/java.lang=ALL-UNNAMED --add-opens=java.base/java.lang.invoke=ALL-UNNAMED --add-opens=java.prefs/java.util.prefs=ALL-UNNAMED -Xmx2048m -Dfile.encoding=UTF-8 -Duser.country=IN -Duser.language=en -Duser.variant org.gradle.launcher.daemon.bootstrap.GradleDaemon 6.8

Host: Intel(R) Core(TM) i5-8300H CPU @ 2.30GHz, 8 cores, 7G,  Windows 10 , 64 bit Build 19041 (10.0.19041.804)
Time: Fri Apr  9 11:30:29 2021 India Standard Time elapsed time: 22 seconds (0d 0h 0m 22s)

---------------  T H R E A D  ---------------

Current thread (0x00000205f649c800):  JavaThread "C2 CompilerThread0" daemon [_thread_in_native, id=16712, stack(0x000000959ea00000,0x000000959eb00000)]


Current CompileTask:
C2:  22665 6981 %     4       org.gradle.internal.instantiation.generator.AbstractClassGenerator::inspectType @ 107 (560 bytes)

Stack: [0x000000959ea00000,0x000000959eb00000]
Native frames: (J=compiled Java code, j=interpreted, Vv=VM code, C=native code)
V  [jvm.dll+0x626eca]
V  [jvm.dll+0x772c6a]
V  [jvm.dll+0x77441f]
V  [jvm.dll+0x774a23]
V  [jvm.dll+0x24da58]
V  [jvm.dll+0xc3ae7]
V  [jvm.dll+0xc406c]
V  [jvm.dll+0x35de75]
V  [jvm.dll+0x1a1000]
V  [jvm.dll+0x2079d6]
V  [jvm.dll+0x206adf]
V  [jvm.dll+0x18b94c]
V  [jvm.dll+0x2159bd]
V  [jvm.dll+0x213e6b]
V  [jvm.dll+0x738b16]
V  [jvm.dll+0x731c0a]
V  [jvm.dll+0x6260c6]
C  [ucrtbase.dll+0x21bb2]
C  [KERNEL32.DLL+0x17034]
C  [ntdll.dll+0x52651]


---------------  P R O C E S S  ---------------

Threads class SMR info:
_java_thread_list=0x00000205fc4a40c0, length=135, elements={
0x00000205d6d7c000, 0x00000205f647d800, 0x00000205f6480800, 0x00000205f649a000,
0x00000205f649b800, 0x00000205f649c800, 0x00000205f64ac000, 0x00000205f64b5800,
0x00000205f6ee3000, 0x00000205f6f15000, 0x00000205f880b800, 0x00000205f947c800,
0x00000205f7029000, 0x00000205f7c29800, 0x00000205f82e4800, 0x00000205f8465800,
0x00000205f865a000, 0x00000205f8541000, 0x00000205f8542000, 0x00000205f785e800,
0x00000205f785d000, 0x00000205f785d800, 0x00000205f785b800, 0x00000205f785f800,
0x00000205f7859800, 0x00000205f7860000, 0x00000205f785a800, 0x00000205f785c000,
0x00000205f93c2800, 0x00000205f93c5000, 0x00000205f93c3000, 0x00000205f93c7800,
0x00000205f93c5800, 0x00000205f93c4000, 0x00000205f93c8000, 0x00000205f93c9000,
0x00000205f93c9800, 0x00000205f93ca800, 0x00000205f93cb800, 0x00000205f93cc000,
0x00000205f93c6800, 0x00000205f93cf800, 0x00000205f93cd000, 0x00000205f93ce000,
0x00000205f93ce800, 0x00000205f93d0800, 0x00000205f93d1000, 0x00000205fa8a7000,
0x00000205fa8a4000, 0x00000205fa8a3000, 0x00000205fa8a9000, 0x00000205fa8ab800,
0x00000205fa8a5800, 0x00000205fa8a9800, 0x00000205fa8ac000, 0x00000205fa8aa800,
0x00000205fa8a6800, 0x00000205fa8b0000, 0x00000205fa8ad000, 0x00000205fa8b1000,
0x00000205fa8ad800, 0x00000205fa8af800, 0x00000205fa8ae800, 0x00000205fcb91000,
0x00000205fcb8f000, 0x00000205fcb90000, 0x00000205fcb8e800, 0x00000205fcb92800,
0x00000205fcb91800, 0x00000205fcb93000, 0x00000205fcb8d800, 0x00000205fcb99000,
0x00000205fcb97800, 0x00000205fcb94000, 0x00000205fcb9a800, 0x00000205fcb95000,
0x00000205fcb95800, 0x00000205fcb9b800, 0x00000205fcb98000, 0x00000205fcb9a000,
0x00000205fcb9c000, 0x00000205fcb96800, 0x00000205fc9f8800, 0x00000205fc9fc800,
0x00000205fc9fd000, 0x00000205fc9ff000, 0x00000205fc9f9000, 0x00000205fc9fa000,
0x00000205fc9fa800, 0x00000205fc9fb800, 0x00000205fc9fe000, 0x00000205f7cfa000,
0x00000205f7cf9000, 0x00000205f7cfb800, 0x00000205f7cfc800, 0x00000205f7cfd800,
0x00000205f7cfb000, 0x00000205f7cf7800, 0x00000205f7cfe000, 0x00000205f7cf8800,
0x00000205f7d03000, 0x00000205f7d01800, 0x00000205f7d04000, 0x00000205f7d04800,
0x00000205f7d02000, 0x00000205f7cff000, 0x00000205f7d05800, 0x00000205f7cff800,
0x00000205f7d06800, 0x00000205f7d00800, 0x00000205f7a6b800, 0x00000205f7a6a800,
0x00000205f7a69000, 0x00000205f7a68000, 0x00000205f7a6a000, 0x00000205f7a6d000,
0x00000205f7a6f800, 0x00000205f7a70800, 0x00000205f7a6e000, 0x00000205f7a71000,
0x00000205f7a6c800, 0x00000205f7a72000, 0x00000205f7a73000, 0x00000205f7a73800,
0x00000205f7a74800, 0x00000205f7a6e800, 0x00000205f7a75800, 0x00000205f7a76000,
0x00000205f7a77000, 0x00000205faf56800, 0x00000205faf59000, 0x00000205faf5b000,
0x00000205faf58800, 0x00000205faf5c800, 0x00000205faf5e000
}

Java Threads: ( => current thread )
  0x00000205d6d7c000 JavaThread "main" [_thread_blocked, id=11152, stack(0x000000959df00000,0x000000959e000000)]
  0x00000205f647d800 JavaThread "Reference Handler" daemon [_thread_blocked, id=15572, stack(0x000000959e600000,0x000000959e700000)]
  0x00000205f6480800 JavaThread "Finalizer" daemon [_thread_blocked, id=17076, stack(0x000000959e700000,0x000000959e800000)]
  0x00000205f649a000 JavaThread "Signal Dispatcher" daemon [_thread_blocked, id=6772, stack(0x000000959e800000,0x000000959e900000)]
  0x00000205f649b800 JavaThread "Attach Listener" daemon [_thread_blocked, id=14104, stack(0x000000959e900000,0x000000959ea00000)]
=>0x00000205f649c800 JavaThread "C2 CompilerThread0" daemon [_thread_in_native, id=16712, stack(0x000000959ea00000,0x000000959eb00000)]
  0x00000205f64ac000 JavaThread "C1 CompilerThread0" daemon [_thread_blocked, id=6692, stack(0x000000959eb00000,0x000000959ec00000)]
  0x00000205f64b5800 JavaThread "Sweeper thread" daemon [_thread_blocked, id=15188, stack(0x000000959ec00000,0x000000959ed00000)]
  0x00000205f6ee3000 JavaThread "Common-Cleaner" daemon [_thread_blocked, id=9628, stack(0x000000959ed00000,0x000000959ee00000)]
  0x00000205f6f15000 JavaThread "Service Thread" daemon [_thread_blocked, id=5392, stack(0x000000959ee00000,0x000000959ef00000)]
  0x00000205f880b800 JavaThread "Daemon health stats" [_thread_blocked, id=5192, stack(0x000000959f300000,0x000000959f400000)]
  0x00000205f947c800 JavaThread "Incoming local TCP Connector on port 54426" [_thread_in_native, id=12500, stack(0x000000959f500000,0x000000959f600000)]
  0x00000205f7029000 JavaThread "Daemon periodic checks" [_thread_blocked, id=1784, stack(0x000000959f600000,0x000000959f700000)]
  0x00000205f7c29800 JavaThread "Daemon" [_thread_blocked, id=15652, stack(0x000000959f700000,0x000000959f800000)]
  0x00000205f82e4800 JavaThread "Handler for socket connection from /127.0.0.1:54426 to /127.0.0.1:54427" [_thread_in_native, id=11408, stack(0x000000959f800000,0x000000959f900000)]
  0x00000205f8465800 JavaThread "Cancel handler" [_thread_blocked, id=4396, stack(0x000000959f900000,0x000000959fa00000)]
  0x00000205f865a000 JavaThread "Daemon worker" [_thread_in_vm, id=9072, stack(0x000000959fa00000,0x000000959fb00000)]
  0x00000205f8541000 JavaThread "Asynchronous log dispatcher for DefaultDaemonConnection: socket connection from /127.0.0.1:54426 to /127.0.0.1:54427" [_thread_blocked, id=16016, stack(0x000000959fb00000,0x000000959fc00000)]
  0x00000205f8542000 JavaThread "Stdin handler" [_thread_blocked, id=16716, stack(0x000000959fc00000,0x000000959fd00000)]
  0x00000205f785e800 JavaThread "Daemon client event forwarder" [_thread_blocked, id=8020, stack(0x000000959fd00000,0x000000959fe00000)]
  0x00000205f785d000 JavaThread "Cache worker for file hash cache (C:\Users\VISH31\.gradle\caches\6.8\fileHashes)" [_thread_blocked, id=17120, stack(0x00000095a0300000,0x00000095a0400000)]
  0x00000205f785d800 JavaThread "File lock request listener" [_thread_in_native, id=6808, stack(0x00000095a0400000,0x00000095a0500000)]
  0x00000205f785b800 JavaThread "Cache worker for journal cache (C:\Users\VISH31\.gradle\caches\journal-1)" [_thread_blocked, id=532, stack(0x00000095a0500000,0x00000095a0600000)]
  0x00000205f785f800 JavaThread "Cache worker for file hash cache (C:\Users\VISH31\Desktop\StartupCarvaanApp\StartupCarvaan\.gradle\6.8\fileHashes)" [_thread_blocked, id=8508, stack(0x00000095a0600000,0x00000095a0700000)]
  0x00000205f7859800 JavaThread "jar transforms" [_thread_blocked, id=9048, stack(0x00000095a0700000,0x00000095a0800000)]
  0x00000205f7860000 JavaThread "jar transforms Thread 2" [_thread_blocked, id=17088, stack(0x00000095a0800000,0x00000095a0900000)]
  0x00000205f785a800 JavaThread "jar transforms Thread 3" [_thread_blocked, id=16444, stack(0x00000095a0900000,0x00000095a0a00000)]
  0x00000205f785c000 JavaThread "jar transforms Thread 4" [_thread_blocked, id=1104, stack(0x00000095a0a00000,0x00000095a0b00000)]
  0x00000205f93c2800 JavaThread "jar transforms Thread 5" [_thread_blocked, id=8548, stack(0x00000095a0b00000,0x00000095a0c00000)]
  0x00000205f93c5000 JavaThread "jar transforms Thread 6" [_thread_blocked, id=5464, stack(0x00000095a0c00000,0x00000095a0d00000)]
  0x00000205f93c3000 JavaThread "jar transforms Thread 7" [_thread_blocked, id=12192, stack(0x00000095a0d00000,0x00000095a0e00000)]
  0x00000205f93c7800 JavaThread "jar transforms Thread 8" [_thread_blocked, id=8384, stack(0x00000095a0e00000,0x00000095a0f00000)]
  0x00000205f93c5800 JavaThread "jar transforms Thread 9" [_thread_blocked, id=10080, stack(0x00000095a0f00000,0x00000095a1000000)]
  0x00000205f93c4000 JavaThread "jar transforms Thread 10" [_thread_blocked, id=2424, stack(0x00000095a1000000,0x00000095a1100000)]
  0x00000205f93c8000 JavaThread "jar transforms Thread 11" [_thread_blocked, id=6908, stack(0x00000095a1100000,0x00000095a1200000)]
  0x00000205f93c9000 JavaThread "jar transforms Thread 12" [_thread_blocked, id=7864, stack(0x00000095a1200000,0x00000095a1300000)]
  0x00000205f93c9800 JavaThread "jar transforms Thread 13" [_thread_blocked, id=6024, stack(0x00000095a1300000,0x00000095a1400000)]
  0x00000205f93ca800 JavaThread "jar transforms Thread 14" [_thread_blocked, id=13148, stack(0x00000095a1400000,0x00000095a1500000)]
  0x00000205f93cb800 JavaThread "jar transforms Thread 15" [_thread_blocked, id=12140, stack(0x00000095a1500000,0x00000095a1600000)]
  0x00000205f93cc000 JavaThread "jar transforms Thread 16" [_thread_blocked, id=13352, stack(0x00000095a1600000,0x00000095a1700000)]
  0x00000205f93c6800 JavaThread "jar transforms Thread 17" [_thread_blocked, id=16340, stack(0x00000095a1700000,0x00000095a1800000)]
  0x00000205f93cf800 JavaThread "jar transforms Thread 18" [_thread_blocked, id=8792, stack(0x00000095a1800000,0x00000095a1900000)]
  0x00000205f93cd000 JavaThread "jar transforms Thread 19" [_thread_blocked, id=11472, stack(0x00000095a1900000,0x00000095a1a00000)]
  0x00000205f93ce000 JavaThread "jar transforms Thread 20" [_thread_blocked, id=9084, stack(0x00000095a1a00000,0x00000095a1b00000)]
  0x00000205f93ce800 JavaThread "Cache worker for checksums cache (C:\Users\VISH31\Desktop\StartupCarvaanApp\StartupCarvaan\.gradle\checksums)" [_thread_blocked, id=14116, stack(0x00000095a1b00000,0x00000095a1c00000)]
  0x00000205f93d0800 JavaThread "Cache worker for cache directory md-supplier (C:\Users\VISH31\.gradle\caches\6.8\md-supplier)" [_thread_blocked, id=11272, stack(0x00000095a1c00000,0x00000095a1d00000)]
  0x00000205f93d1000 JavaThread "Cache worker for cache directory md-rule (C:\Users\VISH31\.gradle\caches\6.8\md-rule)" [_thread_blocked, id=16820, stack(0x00000095a1e00000,0x00000095a1f00000)]
  0x00000205fa8a7000 JavaThread "Cache worker for execution history cache (C:\Users\VISH31\.gradle\caches\6.8\executionHistory)" [_thread_blocked, id=14028, stack(0x00000095a1f00000,0x00000095a2000000)]
  0x00000205fa8a4000 JavaThread "Cache worker for file content cache (C:\Users\VISH31\.gradle\caches\6.8\fileContent)" [_thread_blocked, id=17384, stack(0x00000095a2100000,0x00000095a2200000)]
  0x00000205fa8a3000 JavaThread "Cache worker for Build Output Cleanup Cache (C:\Users\VISH31\Desktop\StartupCarvaanApp\StartupCarvaan\.gradle\buildOutputCleanup)" [_thread_blocked, id=16136, stack(0x00000095a2200000,0x00000095a2300000)]
  0x00000205fa8a9000 JavaThread "Build operations" [_thread_blocked, id=1944, stack(0x00000095a2000000,0x00000095a2100000)]
  0x00000205fa8ab800 JavaThread "Build operations Thread 2" [_thread_blocked, id=6708, stack(0x00000095a2300000,0x00000095a2400000)]
  0x00000205fa8a5800 JavaThread "Build operations Thread 3" [_thread_blocked, id=7212, stack(0x00000095a2400000,0x00000095a2500000)]
  0x00000205fa8a9800 JavaThread "Build operations Thread 4" [_thread_blocked, id=16824, stack(0x00000095a2500000,0x00000095a2600000)]
  0x00000205fa8ac000 JavaThread "Build operations Thread 5" [_thread_blocked, id=5692, stack(0x00000095a2600000,0x00000095a2700000)]
  0x00000205fa8aa800 JavaThread "Build operations Thread 6" [_thread_blocked, id=10788, stack(0x00000095a2700000,0x00000095a2800000)]
  0x00000205fa8a6800 JavaThread "Build operations Thread 7" [_thread_blocked, id=13152, stack(0x00000095a2800000,0x00000095a2900000)]
  0x00000205fa8b0000 JavaThread "Build operations Thread 8" [_thread_blocked, id=6720, stack(0x00000095a2900000,0x00000095a2a00000)]
  0x00000205fa8ad000 JavaThread "jar transforms Thread 21" [_thread_blocked, id=5784, stack(0x00000095a2a00000,0x00000095a2b00000)]
  0x00000205fa8b1000 JavaThread "jar transforms Thread 22" [_thread_blocked, id=572, stack(0x00000095a2b00000,0x00000095a2c00000)]
  0x00000205fa8ad800 JavaThread "jar transforms Thread 23" [_thread_blocked, id=15504, stack(0x00000095a2c00000,0x00000095a2d00000)]
  0x00000205fa8af800 JavaThread "jar transforms Thread 24" [_thread_blocked, id=1876, stack(0x00000095a2d00000,0x00000095a2e00000)]
  0x00000205fa8ae800 JavaThread "jar transforms Thread 25" [_thread_blocked, id=7216, stack(0x00000095a2e00000,0x00000095a2f00000)]
  0x00000205fcb91000 JavaThread "jar transforms Thread 26" [_thread_blocked, id=8964, stack(0x00000095a2f00000,0x00000095a3000000)]
  0x00000205fcb8f000 JavaThread "jar transforms Thread 27" [_thread_blocked, id=11396, stack(0x00000095a3000000,0x00000095a3100000)]
  0x00000205fcb90000 JavaThread "jar transforms Thread 28" [_thread_blocked, id=14032, stack(0x00000095a3100000,0x00000095a3200000)]
  0x00000205fcb8e800 JavaThread "jar transforms Thread 29" [_thread_blocked, id=4324, stack(0x00000095a3200000,0x00000095a3300000)]
  0x00000205fcb92800 JavaThread "jar transforms Thread 30" [_thread_blocked, id=8500, stack(0x00000095a3300000,0x00000095a3400000)]
  0x00000205fcb91800 JavaThread "jar transforms Thread 31" [_thread_blocked, id=1328, stack(0x00000095a3400000,0x00000095a3500000)]
  0x00000205fcb93000 JavaThread "jar transforms Thread 32" [_thread_blocked, id=404, stack(0x00000095a3500000,0x00000095a3600000)]
  0x00000205fcb8d800 JavaThread "jar transforms Thread 33" [_thread_blocked, id=10144, stack(0x00000095a3600000,0x00000095a3700000)]
  0x00000205fcb99000 JavaThread "jar transforms Thread 34" [_thread_blocked, id=13580, stack(0x00000095a3700000,0x00000095a3800000)]
  0x00000205fcb97800 JavaThread "jar transforms Thread 35" [_thread_blocked, id=3640, stack(0x00000095a3800000,0x00000095a3900000)]
  0x00000205fcb94000 JavaThread "jar transforms Thread 36" [_thread_blocked, id=16816, stack(0x00000095a3900000,0x00000095a3a00000)]
  0x00000205fcb9a800 JavaThread "jar transforms Thread 37" [_thread_blocked, id=16952, stack(0x00000095a3a00000,0x00000095a3b00000)]
  0x00000205fcb95000 JavaThread "jar transforms Thread 38" [_thread_blocked, id=9092, stack(0x00000095a3b00000,0x00000095a3c00000)]
  0x00000205fcb95800 JavaThread "jar transforms Thread 39" [_thread_blocked, id=16008, stack(0x00000095a3c00000,0x00000095a3d00000)]
  0x00000205fcb9b800 JavaThread "jar transforms Thread 40" [_thread_blocked, id=3136, stack(0x00000095a3d00000,0x00000095a3e00000)]
  0x00000205fcb98000 JavaThread "jar transforms Thread 41" [_thread_blocked, id=6960, stack(0x00000095a3e00000,0x00000095a3f00000)]
  0x00000205fcb9a000 JavaThread "jar transforms Thread 42" [_thread_blocked, id=13628, stack(0x00000095a3f00000,0x00000095a4000000)]
  0x00000205fcb9c000 JavaThread "jar transforms Thread 43" [_thread_blocked, id=3776, stack(0x00000095a4000000,0x00000095a4100000)]
  0x00000205fcb96800 JavaThread "jar transforms Thread 44" [_thread_blocked, id=10528, stack(0x00000095a4100000,0x00000095a4200000)]
  0x00000205fc9f8800 JavaThread "jar transforms Thread 45" [_thread_blocked, id=16488, stack(0x00000095a4200000,0x00000095a4300000)]
  0x00000205fc9fc800 JavaThread "jar transforms Thread 46" [_thread_blocked, id=14920, stack(0x00000095a4300000,0x00000095a4400000)]
  0x00000205fc9fd000 JavaThread "jar transforms Thread 47" [_thread_blocked, id=14564, stack(0x00000095a4400000,0x00000095a4500000)]
  0x00000205fc9ff000 JavaThread "jar transforms Thread 48" [_thread_blocked, id=3056, stack(0x00000095a4500000,0x00000095a4600000)]
  0x00000205fc9f9000 JavaThread "jar transforms Thread 49" [_thread_blocked, id=5752, stack(0x00000095a4600000,0x00000095a4700000)]
  0x00000205fc9fa000 JavaThread "jar transforms Thread 50" [_thread_blocked, id=15708, stack(0x00000095a4700000,0x00000095a4800000)]
  0x00000205fc9fa800 JavaThread "jar transforms Thread 51" [_thread_blocked, id=15644, stack(0x00000095a4800000,0x00000095a4900000)]
  0x00000205fc9fb800 JavaThread "jar transforms Thread 52" [_thread_blocked, id=9068, stack(0x00000095a4900000,0x00000095a4a00000)]
  0x00000205fc9fe000 JavaThread "jar transforms Thread 53" [_thread_blocked, id=12568, stack(0x00000095a4a00000,0x00000095a4b00000)]
  0x00000205f7cfa000 JavaThread "jar transforms Thread 54" [_thread_blocked, id=1000, stack(0x00000095a4b00000,0x00000095a4c00000)]
  0x00000205f7cf9000 JavaThread "jar transforms Thread 55" [_thread_blocked, id=16688, stack(0x00000095a4c00000,0x00000095a4d00000)]
  0x00000205f7cfb800 JavaThread "jar transforms Thread 56" [_thread_blocked, id=552, stack(0x00000095a4d00000,0x00000095a4e00000)]
  0x00000205f7cfc800 JavaThread "jar transforms Thread 57" [_thread_blocked, id=10404, stack(0x00000095a4e00000,0x00000095a4f00000)]
  0x00000205f7cfd800 JavaThread "jar transforms Thread 58" [_thread_blocked, id=7064, stack(0x00000095a4f00000,0x00000095a5000000)]
  0x00000205f7cfb000 JavaThread "jar transforms Thread 59" [_thread_blocked, id=5736, stack(0x00000095a5000000,0x00000095a5100000)]
  0x00000205f7cf7800 JavaThread "jar transforms Thread 60" [_thread_blocked, id=16988, stack(0x00000095a5100000,0x00000095a5200000)]
  0x00000205f7cfe000 JavaThread "jar transforms Thread 61" [_thread_blocked, id=1548, stack(0x00000095a5200000,0x00000095a5300000)]
  0x00000205f7cf8800 JavaThread "jar transforms Thread 62" [_thread_blocked, id=16436, stack(0x00000095a5300000,0x00000095a5400000)]
  0x00000205f7d03000 JavaThread "jar transforms Thread 63" [_thread_blocked, id=10980, stack(0x00000095a5400000,0x00000095a5500000)]
  0x00000205f7d01800 JavaThread "jar transforms Thread 64" [_thread_blocked, id=368, stack(0x00000095a5500000,0x00000095a5600000)]
  0x00000205f7d04000 JavaThread "jar transforms Thread 65" [_thread_blocked, id=9180, stack(0x00000095a5600000,0x00000095a5700000)]
  0x00000205f7d04800 JavaThread "jar transforms Thread 66" [_thread_blocked, id=9356, stack(0x00000095a5700000,0x00000095a5800000)]
  0x00000205f7d02000 JavaThread "jar transforms Thread 67" [_thread_blocked, id=10184, stack(0x00000095a5800000,0x00000095a5900000)]
  0x00000205f7cff000 JavaThread "jar transforms Thread 68" [_thread_blocked, id=7048, stack(0x00000095a5900000,0x00000095a5a00000)]
  0x00000205f7d05800 JavaThread "jar transforms Thread 69" [_thread_blocked, id=8584, stack(0x00000095a5a00000,0x00000095a5b00000)]
  0x00000205f7cff800 JavaThread "jar transforms Thread 70" [_thread_blocked, id=12728, stack(0x00000095a5b00000,0x00000095a5c00000)]
  0x00000205f7d06800 JavaThread "jar transforms Thread 71" [_thread_blocked, id=5476, stack(0x00000095a5c00000,0x00000095a5d00000)]
  0x00000205f7d00800 JavaThread "jar transforms Thread 72" [_thread_blocked, id=11008, stack(0x00000095a5d00000,0x00000095a5e00000)]
  0x00000205f7a6b800 JavaThread "jar transforms Thread 73" [_thread_blocked, id=8876, stack(0x00000095a5e00000,0x00000095a5f00000)]
  0x00000205f7a6a800 JavaThread "jar transforms Thread 74" [_thread_blocked, id=15940, stack(0x00000095a5f00000,0x00000095a6000000)]
  0x00000205f7a69000 JavaThread "jar transforms Thread 75" [_thread_blocked, id=10464, stack(0x00000095a6000000,0x00000095a6100000)]
  0x00000205f7a68000 JavaThread "jar transforms Thread 76" [_thread_blocked, id=3184, stack(0x00000095a6100000,0x00000095a6200000)]
  0x00000205f7a6a000 JavaThread "jar transforms Thread 77" [_thread_blocked, id=6564, stack(0x00000095a6200000,0x00000095a6300000)]
  0x00000205f7a6d000 JavaThread "jar transforms Thread 78" [_thread_blocked, id=216, stack(0x00000095a6300000,0x00000095a6400000)]
  0x00000205f7a6f800 JavaThread "jar transforms Thread 79" [_thread_blocked, id=2536, stack(0x00000095a6400000,0x00000095a6500000)]
  0x00000205f7a70800 JavaThread "jar transforms Thread 80" [_thread_blocked, id=7756, stack(0x00000095a6500000,0x00000095a6600000)]
  0x00000205f7a6e000 JavaThread "jar transforms Thread 81" [_thread_blocked, id=17132, stack(0x00000095a6600000,0x00000095a6700000)]
  0x00000205f7a71000 JavaThread "jar transforms Thread 82" [_thread_blocked, id=7876, stack(0x00000095a6700000,0x00000095a6800000)]
  0x00000205f7a6c800 JavaThread "jar transforms Thread 83" [_thread_blocked, id=3260, stack(0x00000095a6800000,0x00000095a6900000)]
  0x00000205f7a72000 JavaThread "jar transforms Thread 84" [_thread_blocked, id=2448, stack(0x00000095a6900000,0x00000095a6a00000)]
  0x00000205f7a73000 JavaThread "jar transforms Thread 85" [_thread_blocked, id=3972, stack(0x00000095a6a00000,0x00000095a6b00000)]
  0x00000205f7a73800 JavaThread "jar transforms Thread 86" [_thread_blocked, id=15756, stack(0x00000095a6b00000,0x00000095a6c00000)]
  0x00000205f7a74800 JavaThread "jar transforms Thread 87" [_thread_blocked, id=2868, stack(0x00000095a6c00000,0x00000095a6d00000)]
  0x00000205f7a6e800 JavaThread "jar transforms Thread 88" [_thread_blocked, id=15840, stack(0x00000095a6d00000,0x00000095a6e00000)]
  0x00000205f7a75800 JavaThread "jar transforms Thread 89" [_thread_blocked, id=12516, stack(0x00000095a6e00000,0x00000095a6f00000)]
  0x00000205f7a76000 JavaThread "jar transforms Thread 90" [_thread_blocked, id=3672, stack(0x00000095a6f00000,0x00000095a7000000)]
  0x00000205f7a77000 JavaThread "jar transforms Thread 91" [_thread_blocked, id=11404, stack(0x00000095a7000000,0x00000095a7100000)]
  0x00000205faf56800 JavaThread "jar transforms Thread 92" [_thread_blocked, id=7684, stack(0x00000095a7100000,0x00000095a7200000)]
  0x00000205faf59000 JavaThread "jar transforms Thread 93" [_thread_blocked, id=16220, stack(0x00000095a7200000,0x00000095a7300000)]
  0x00000205faf5b000 JavaThread "jar transforms Thread 94" [_thread_blocked, id=14264, stack(0x00000095a7300000,0x00000095a7400000)]
  0x00000205faf58800 JavaThread "pool-1-thread-1" [_thread_blocked, id=15368, stack(0x00000095a7400000,0x00000095a7500000)]
  0x00000205faf5c800 JavaThread "Memory manager" [_thread_blocked, id=10940, stack(0x00000095a7500000,0x00000095a7600000)]
  0x00000205faf5e000 JavaThread "Cache worker for execution history cache (C:\Users\VISH31\Desktop\StartupCarvaanApp\StartupCarvaan\.gradle\6.8\executionHistory)" [_thread_blocked, id=132, stack(0x00000095a7d00000,0x00000095a7e00000)]

Other Threads:
  0x00000205f647c800 VMThread "VM Thread" [stack: 0x000000959e500000,0x000000959e600000] [id=3548]
  0x00000205f6f1a000 WatcherThread [stack: 0x000000959ef00000,0x000000959f000000] [id=16696]
  0x00000205d6dc0800 GCTaskThread "GC Thread#0" [stack: 0x000000959e000000,0x000000959e100000] [id=8356]
  0x00000205f797f000 GCTaskThread "GC Thread#1" [stack: 0x000000959f100000,0x000000959f200000] [id=16332]
  0x00000205f7ada000 GCTaskThread "GC Thread#2" [stack: 0x000000959f200000,0x000000959f300000] [id=10680]
  0x00000205f9076800 GCTaskThread "GC Thread#3" [stack: 0x000000959fe00000,0x000000959ff00000] [id=16996]
  0x00000205f7431000 GCTaskThread "GC Thread#4" [stack: 0x000000959ff00000,0x00000095a0000000] [id=4228]
  0x00000205f8506800 GCTaskThread "GC Thread#5" [stack: 0x00000095a0000000,0x00000095a0100000] [id=1516]
  0x00000205f764b000 GCTaskThread "GC Thread#6" [stack: 0x00000095a0100000,0x00000095a0200000] [id=9380]
  0x00000205f7baf000 GCTaskThread "GC Thread#7" [stack: 0x00000095a0200000,0x00000095a0300000] [id=17188]
  0x00000205d6dd2800 ConcurrentGCThread "G1 Main Marker" [stack: 0x000000959e100000,0x000000959e200000] [id=936]
  0x00000205d6dd4000 ConcurrentGCThread "G1 Conc#0" [stack: 0x000000959e200000,0x000000959e300000] [id=15904]
  0x00000205fa878000 ConcurrentGCThread "G1 Conc#1" [stack: 0x00000095a1d00000,0x00000095a1e00000] [id=16652]
  0x00000205d6e5e000 ConcurrentGCThread "G1 Refine#0" [stack: 0x000000959e300000,0x000000959e400000] [id=6172]
  0x00000205f62fb800 ConcurrentGCThread "G1 Young RemSet Sampling" [stack: 0x000000959e400000,0x000000959e500000] [id=15864]

Threads with active compile tasks:
C2 CompilerThread0    22750 6981 %     4       org.gradle.internal.instantiation.generator.AbstractClassGenerator::inspectType @ 107 (560 bytes)

VM state:not at safepoint (normal execution)

VM Mutex/Monitor currently owned by a thread: None

Heap address: 0x0000000080000000, size: 2048 MB, Compressed Oops mode: 32-bit
Narrow klass base: 0x0000000800000000, Narrow klass shift: 3
Compressed class space size: 1073741824 Address: 0x0000000800b40000

Heap:
 garbage-first heap   total 175104K, used 108074K [0x0000000080000000, 0x0000000100000000)
  region size 1024K, 28 young (28672K), 7 survivors (7168K)
 Metaspace       used 70287K, capacity 72275K, committed 72400K, reserved 1112064K
  class space    used 9601K, capacity 10316K, committed 10368K, reserved 1048576K
Heap Regions: E=young(eden), S=young(survivor), O=old, HS=humongous(starts), HC=humongous(continues), CS=collection set, F=free, A=archive, TAMS=top-at-mark-start (previous, next)
|   0|0x0000000080000000, 0x0000000080100000, 0x0000000080100000|100%| O|  |TAMS 0x0000000080100000, 0x0000000080000000| Untracked 
|   1|0x0000000080100000, 0x0000000080200000, 0x0000000080200000|100%| O|  |TAMS 0x0000000080200000, 0x0000000080100000| Untracked 
|   2|0x0000000080200000, 0x0000000080300000, 0x0000000080300000|100%| O|  |TAMS 0x0000000080300000, 0x0000000080200000| Untracked 
|   3|0x0000000080300000, 0x0000000080400000, 0x0000000080400000|100%|HS|  |TAMS 0x0000000080400000, 0x0000000080300000| Complete 
|   4|0x0000000080400000, 0x0000000080500000, 0x0000000080500000|100%|HC|  |TAMS 0x0000000080500000, 0x0000000080400000| Complete 
|   5|0x0000000080500000, 0x0000000080600000, 0x0000000080600000|100%|HC|  |TAMS 0x0000000080600000, 0x0000000080500000| Complete 
|   6|0x0000000080600000, 0x0000000080700000, 0x0000000080700000|100%| O|  |TAMS 0x0000000080700000, 0x0000000080600000| Untracked 
|   7|0x0000000080700000, 0x0000000080800000, 0x0000000080800000|100%| O|  |TAMS 0x0000000080800000, 0x0000000080700000| Untracked 
|   8|0x0000000080800000, 0x0000000080900000, 0x0000000080900000|100%| O|  |TAMS 0x0000000080900000, 0x0000000080800000| Untracked 
|   9|0x0000000080900000, 0x0000000080a00000, 0x0000000080a00000|100%| O|  |TAMS 0x0000000080a00000, 0x0000000080900000| Untracked 
|  10|0x0000000080a00000, 0x0000000080b00000, 0x0000000080b00000|100%| O|  |TAMS 0x0000000080b00000, 0x0000000080a00000| Untracked 
|  11|0x0000000080b00000, 0x0000000080c00000, 0x0000000080c00000|100%| O|  |TAMS 0x0000000080c00000, 0x0000000080b00000| Untracked 
|  12|0x0000000080c00000, 0x0000000080d00000, 0x0000000080d00000|100%| O|  |TAMS 0x0000000080d00000, 0x0000000080c00000| Untracked 
|  13|0x0000000080d00000, 0x0000000080e00000, 0x0000000080e00000|100%| O|  |TAMS 0x0000000080e00000, 0x0000000080d00000| Untracked 
|  14|0x0000000080e00000, 0x0000000080efd800, 0x0000000080f00000| 99%| O|  |TAMS 0x0000000080efd800, 0x0000000080e00000| Untracked 
|  15|0x0000000080f00000, 0x0000000081000000, 0x0000000081000000|100%|HS|  |TAMS 0x0000000081000000, 0x0000000080f00000| Complete 
|  16|0x0000000081000000, 0x0000000081100000, 0x0000000081100000|100%|HC|  |TAMS 0x0000000081100000, 0x0000000081000000| Complete 
|  17|0x0000000081100000, 0x0000000081200000, 0x0000000081200000|100%|HS|  |TAMS 0x0000000081200000, 0x0000000081100000| Complete 
|  18|0x0000000081200000, 0x0000000081300000, 0x0000000081300000|100%|HC|  |TAMS 0x0000000081300000, 0x0000000081200000| Complete 
|  19|0x0000000081300000, 0x0000000081400000, 0x0000000081400000|100%|HC|  |TAMS 0x0000000081400000, 0x0000000081300000| Complete 
|  20|0x0000000081400000, 0x0000000081500000, 0x0000000081500000|100%|HS|  |TAMS 0x0000000081500000, 0x0000000081400000| Complete 
|  21|0x0000000081500000, 0x0000000081600000, 0x0000000081600000|100%|HC|  |TAMS 0x0000000081600000, 0x0000000081500000| Complete 
|  22|0x0000000081600000, 0x0000000081700000, 0x0000000081700000|100%|HC|  |TAMS 0x0000000081700000, 0x0000000081600000| Complete 
|  23|0x0000000081700000, 0x0000000081800000, 0x0000000081800000|100%|HC|  |TAMS 0x0000000081800000, 0x0000000081700000| Complete 
|  24|0x0000000081800000, 0x0000000081900000, 0x0000000081900000|100%|HS|  |TAMS 0x0000000081900000, 0x0000000081800000| Complete 
|  25|0x0000000081900000, 0x0000000081a00000, 0x0000000081a00000|100%|HC|  |TAMS 0x0000000081a00000, 0x0000000081900000| Complete 
|  26|0x0000000081a00000, 0x0000000081b00000, 0x0000000081b00000|100%|HC|  |TAMS 0x0000000081b00000, 0x0000000081a00000| Complete 
|  27|0x0000000081b00000, 0x0000000081c00000, 0x0000000081c00000|100%| O|  |TAMS 0x0000000081c00000, 0x0000000081b00000| Untracked 
|  28|0x0000000081c00000, 0x0000000081d00000, 0x0000000081d00000|100%| O|  |TAMS 0x0000000081d00000, 0x0000000081c00000| Untracked 
|  29|0x0000000081d00000, 0x0000000081e00000, 0x0000000081e00000|100%| O|  |TAMS 0x0000000081e00000, 0x0000000081d00000| Untracked 
|  30|0x0000000081e00000, 0x0000000081f00000, 0x0000000081f00000|100%|HS|  |TAMS 0x0000000081f00000, 0x0000000081e00000| Complete 
|  31|0x0000000081f00000, 0x0000000082000000, 0x0000000082000000|100%|HC|  |TAMS 0x0000000082000000, 0x0000000081f00000| Complete 
|  32|0x0000000082000000, 0x0000000082100000, 0x0000000082100000|100%|HC|  |TAMS 0x0000000082100000, 0x0000000082000000| Complete 
|  33|0x0000000082100000, 0x0000000082200000, 0x0000000082200000|100%|HC|  |TAMS 0x0000000082200000, 0x0000000082100000| Complete 
|  34|0x0000000082200000, 0x0000000082300000, 0x0000000082300000|100%| O|  |TAMS 0x0000000082300000, 0x0000000082200000| Untracked 
|  35|0x0000000082300000, 0x0000000082400000, 0x0000000082400000|100%| O|  |TAMS 0x0000000082400000, 0x0000000082300000| Untracked 
|  36|0x0000000082400000, 0x0000000082500000, 0x0000000082500000|100%| O|  |TAMS 0x0000000082500000, 0x0000000082400000| Untracked 
|  37|0x0000000082500000, 0x0000000082600000, 0x0000000082600000|100%| O|  |TAMS 0x0000000082600000, 0x0000000082500000| Untracked 
|  38|0x0000000082600000, 0x0000000082700000, 0x0000000082700000|100%| O|  |TAMS 0x0000000082700000, 0x0000000082600000| Untracked 
|  39|0x0000000082700000, 0x0000000082800000, 0x0000000082800000|100%| O|  |TAMS 0x0000000082800000, 0x0000000082700000| Untracked 
|  40|0x0000000082800000, 0x0000000082900000, 0x0000000082900000|100%| O|  |TAMS 0x0000000082900000, 0x0000000082800000| Untracked 
|  41|0x0000000082900000, 0x0000000082a00000, 0x0000000082a00000|100%| O|  |TAMS 0x0000000082a00000, 0x0000000082900000| Untracked 
|  42|0x0000000082a00000, 0x0000000082b00000, 0x0000000082b00000|100%|HS|  |TAMS 0x0000000082b00000, 0x0000000082a00000| Complete 
|  43|0x0000000082b00000, 0x0000000082c00000, 0x0000000082c00000|100%|HC|  |TAMS 0x0000000082c00000, 0x0000000082b00000| Complete 
|  44|0x0000000082c00000, 0x0000000082d00000, 0x0000000082d00000|100%|HC|  |TAMS 0x0000000082d00000, 0x0000000082c00000| Complete 
|  45|0x0000000082d00000, 0x0000000082e00000, 0x0000000082e00000|100%|HC|  |TAMS 0x0000000082e00000, 0x0000000082d00000| Complete 
|  46|0x0000000082e00000, 0x0000000082f00000, 0x0000000082f00000|100%| O|  |TAMS 0x0000000082f00000, 0x0000000082e00000| Untracked 
|  47|0x0000000082f00000, 0x0000000083000000, 0x0000000083000000|100%| O|  |TAMS 0x0000000083000000, 0x0000000082f00000| Untracked 
|  48|0x0000000083000000, 0x0000000083100000, 0x0000000083100000|100%| O|  |TAMS 0x0000000083100000, 0x0000000083000000| Untracked 
|  49|0x0000000083100000, 0x0000000083200000, 0x0000000083200000|100%| O|  |TAMS 0x0000000083200000, 0x0000000083100000| Untracked 
|  50|0x0000000083200000, 0x0000000083300000, 0x0000000083300000|100%| O|  |TAMS 0x0000000083300000, 0x0000000083200000| Untracked 
|  51|0x0000000083300000, 0x0000000083400000, 0x0000000083400000|100%| O|  |TAMS 0x0000000083400000, 0x0000000083300000| Untracked 
|  52|0x0000000083400000, 0x0000000083500000, 0x0000000083500000|100%| O|  |TAMS 0x0000000083500000, 0x0000000083400000| Untracked 
|  53|0x0000000083500000, 0x0000000083600000, 0x0000000083600000|100%| O|  |TAMS 0x0000000083600000, 0x0000000083500000| Untracked 
|  54|0x0000000083600000, 0x0000000083700000, 0x0000000083700000|100%|HS|  |TAMS 0x0000000083700000, 0x0000000083600000| Complete 
|  55|0x0000000083700000, 0x0000000083800000, 0x0000000083800000|100%| O|  |TAMS 0x0000000083800000, 0x0000000083700000| Untracked 
|  56|0x0000000083800000, 0x0000000083900000, 0x0000000083900000|100%|HS|  |TAMS 0x0000000083900000, 0x0000000083800000| Complete 
|  57|0x0000000083900000, 0x0000000083a00000, 0x0000000083a00000|100%|HC|  |TAMS 0x0000000083a00000, 0x0000000083900000| Complete 
|  58|0x0000000083a00000, 0x0000000083b00000, 0x0000000083b00000|100%| O|  |TAMS 0x0000000083b00000, 0x0000000083a00000| Untracked 
|  59|0x0000000083b00000, 0x0000000083c00000, 0x0000000083c00000|100%| O|  |TAMS 0x0000000083c00000, 0x0000000083b00000| Untracked 
|  60|0x0000000083c00000, 0x0000000083d00000, 0x0000000083d00000|100%| O|  |TAMS 0x0000000083d00000, 0x0000000083c00000| Untracked 
|  61|0x0000000083d00000, 0x0000000083e00000, 0x0000000083e00000|100%| O|  |TAMS 0x0000000083e00000, 0x0000000083d00000| Untracked 
|  62|0x0000000083e00000, 0x0000000083f00000, 0x0000000083f00000|100%| O|  |TAMS 0x0000000083f00000, 0x0000000083e00000| Untracked 
|  63|0x0000000083f00000, 0x0000000084000000, 0x0000000084000000|100%| O|  |TAMS 0x0000000084000000, 0x0000000083f00000| Untracked 
|  64|0x0000000084000000, 0x0000000084100000, 0x0000000084100000|100%| O|  |TAMS 0x0000000084100000, 0x0000000084000000| Untracked 
|  65|0x0000000084100000, 0x0000000084200000, 0x0000000084200000|100%| O|  |TAMS 0x0000000084200000, 0x0000000084100000| Untracked 
|  66|0x0000000084200000, 0x0000000084300000, 0x0000000084300000|100%| O|  |TAMS 0x0000000084300000, 0x0000000084200000| Untracked 
|  67|0x0000000084300000, 0x0000000084400000, 0x0000000084400000|100%| O|  |TAMS 0x0000000084400000, 0x0000000084300000| Untracked 
|  68|0x0000000084400000, 0x0000000084500000, 0x0000000084500000|100%| O|  |TAMS 0x0000000084500000, 0x0000000084400000| Untracked 
|  69|0x0000000084500000, 0x0000000084600000, 0x0000000084600000|100%| O|  |TAMS 0x0000000084600000, 0x0000000084500000| Untracked 
|  70|0x0000000084600000, 0x0000000084700000, 0x0000000084700000|100%| O|  |TAMS 0x0000000084700000, 0x0000000084600000| Untracked 
|  71|0x0000000084700000, 0x0000000084800000, 0x0000000084800000|100%| O|  |TAMS 0x0000000084800000, 0x0000000084700000| Untracked 
|  72|0x0000000084800000, 0x0000000084900000, 0x0000000084900000|100%| O|  |TAMS 0x0000000084900000, 0x0000000084800000| Untracked 
|  73|0x0000000084900000, 0x0000000084a00000, 0x0000000084a00000|100%| O|  |TAMS 0x0000000084a00000, 0x0000000084900000| Untracked 
|  74|0x0000000084a00000, 0x0000000084b00000, 0x0000000084b00000|100%| O|  |TAMS 0x0000000084b00000, 0x0000000084a00000| Untracked 
|  75|0x0000000084b00000, 0x0000000084c00000, 0x0000000084c00000|100%| O|  |TAMS 0x0000000084c00000, 0x0000000084b00000| Untracked 
|  76|0x0000000084c00000, 0x0000000084d00000, 0x0000000084d00000|100%| O|  |TAMS 0x0000000084c2c200, 0x0000000084c00000| Untracked 
|  77|0x0000000084d00000, 0x0000000084e00000, 0x0000000084e00000|100%| O|  |TAMS 0x0000000084d00000, 0x0000000084d00000| Untracked 
|  78|0x0000000084e00000, 0x0000000084f00000, 0x0000000084f00000|100%| O|  |TAMS 0x0000000084e00000, 0x0000000084e00000| Untracked 
|  79|0x0000000084f00000, 0x0000000084f2f000, 0x0000000085000000| 18%| O|  |TAMS 0x0000000084f00000, 0x0000000084f00000| Untracked 
|  80|0x0000000085000000, 0x0000000085000000, 0x0000000085100000|  0%| F|  |TAMS 0x0000000085000000, 0x0000000085000000| Untracked 
|  81|0x0000000085100000, 0x0000000085100000, 0x0000000085200000|  0%| F|  |TAMS 0x0000000085100000, 0x0000000085100000| Untracked 
|  82|0x0000000085200000, 0x0000000085200000, 0x0000000085300000|  0%| F|  |TAMS 0x0000000085200000, 0x0000000085200000| Untracked 
|  83|0x0000000085300000, 0x0000000085300000, 0x0000000085400000|  0%| F|  |TAMS 0x0000000085300000, 0x0000000085300000| Untracked 
|  84|0x0000000085400000, 0x0000000085400000, 0x0000000085500000|  0%| F|  |TAMS 0x0000000085400000, 0x0000000085400000| Untracked 
|  85|0x0000000085500000, 0x0000000085500000, 0x0000000085600000|  0%| F|  |TAMS 0x0000000085500000, 0x0000000085500000| Untracked 
|  86|0x0000000085600000, 0x0000000085600000, 0x0000000085700000|  0%| F|  |TAMS 0x0000000085600000, 0x0000000085600000| Untracked 
|  87|0x0000000085700000, 0x0000000085700000, 0x0000000085800000|  0%| F|  |TAMS 0x0000000085700000, 0x0000000085700000| Untracked 
|  88|0x0000000085800000, 0x0000000085800000, 0x0000000085900000|  0%| F|  |TAMS 0x0000000085800000, 0x0000000085800000| Untracked 
|  89|0x0000000085900000, 0x0000000085900000, 0x0000000085a00000|  0%| F|  |TAMS 0x0000000085900000, 0x0000000085900000| Untracked 
|  90|0x0000000085a00000, 0x0000000085a00000, 0x0000000085b00000|  0%| F|  |TAMS 0x0000000085a00000, 0x0000000085a00000| Untracked 
|  91|0x0000000085b00000, 0x0000000085b00000, 0x0000000085c00000|  0%| F|  |TAMS 0x0000000085b00000, 0x0000000085b00000| Untracked 
|  92|0x0000000085c00000, 0x0000000085c00000, 0x0000000085d00000|  0%| F|  |TAMS 0x0000000085c00000, 0x0000000085c00000| Untracked 
|  93|0x0000000085d00000, 0x0000000085d00000, 0x0000000085e00000|  0%| F|  |TAMS 0x0000000085d00000, 0x0000000085d00000| Untracked 
|  94|0x0000000085e00000, 0x0000000085e00000, 0x0000000085f00000|  0%| F|  |TAMS 0x0000000085e00000, 0x0000000085e00000| Untracked 
|  95|0x0000000085f00000, 0x0000000085f00000, 0x0000000086000000|  0%| F|  |TAMS 0x0000000085f00000, 0x0000000085f00000| Untracked 
|  96|0x0000000086000000, 0x0000000086000000, 0x0000000086100000|  0%| F|  |TAMS 0x0000000086000000, 0x0000000086000000| Untracked 
|  97|0x0000000086100000, 0x0000000086100000, 0x0000000086200000|  0%| F|  |TAMS 0x0000000086100000, 0x0000000086100000| Untracked 
|  98|0x0000000086200000, 0x0000000086200000, 0x0000000086300000|  0%| F|  |TAMS 0x0000000086200000, 0x0000000086200000| Untracked 
|  99|0x0000000086300000, 0x0000000086300000, 0x0000000086400000|  0%| F|  |TAMS 0x0000000086300000, 0x0000000086300000| Untracked 
| 100|0x0000000086400000, 0x0000000086400000, 0x0000000086500000|  0%| F|  |TAMS 0x0000000086400000, 0x0000000086400000| Untracked 
| 101|0x0000000086500000, 0x0000000086500000, 0x0000000086600000|  0%| F|  |TAMS 0x0000000086500000, 0x0000000086500000| Untracked 
| 102|0x0000000086600000, 0x0000000086600000, 0x0000000086700000|  0%| F|  |TAMS 0x0000000086600000, 0x0000000086600000| Untracked 
| 103|0x0000000086700000, 0x0000000086700000, 0x0000000086800000|  0%| F|  |TAMS 0x0000000086700000, 0x0000000086700000| Untracked 
| 104|0x0000000086800000, 0x0000000086800000, 0x0000000086900000|  0%| F|  |TAMS 0x0000000086800000, 0x0000000086800000| Untracked 
| 105|0x0000000086900000, 0x0000000086900000, 0x0000000086a00000|  0%| F|  |TAMS 0x0000000086900000, 0x0000000086900000| Untracked 
| 106|0x0000000086a00000, 0x0000000086a00000, 0x0000000086b00000|  0%| F|  |TAMS 0x0000000086a00000, 0x0000000086a00000| Untracked 
| 107|0x0000000086b00000, 0x0000000086b00000, 0x0000000086c00000|  0%| F|  |TAMS 0x0000000086b00000, 0x0000000086b00000| Untracked 
| 108|0x0000000086c00000, 0x0000000086c00000, 0x0000000086d00000|  0%| F|  |TAMS 0x0000000086c00000, 0x0000000086c00000| Untracked 
| 109|0x0000000086d00000, 0x0000000086d00000, 0x0000000086e00000|  0%| F|  |TAMS 0x0000000086d00000, 0x0000000086d00000| Untracked 
| 110|0x0000000086e00000, 0x0000000086e00000, 0x0000000086f00000|  0%| F|  |TAMS 0x0000000086e00000, 0x0000000086e00000| Untracked 
| 111|0x0000000086f00000, 0x0000000086f00000, 0x0000000087000000|  0%| F|  |TAMS 0x0000000086f00000, 0x0000000086f00000| Untracked 
| 112|0x0000000087000000, 0x000000008705e0f8, 0x0000000087100000| 36%| S|CS|TAMS 0x0000000087000000, 0x0000000087000000| Complete 
| 113|0x0000000087100000, 0x0000000087200000, 0x0000000087200000|100%| S|CS|TAMS 0x0000000087100000, 0x0000000087100000| Complete 
| 114|0x0000000087200000, 0x0000000087300000, 0x0000000087300000|100%| S|CS|TAMS 0x0000000087200000, 0x0000000087200000| Complete 
| 115|0x0000000087300000, 0x0000000087400000, 0x0000000087400000|100%| S|CS|TAMS 0x0000000087300000, 0x0000000087300000| Complete 
| 116|0x0000000087400000, 0x0000000087500000, 0x0000000087500000|100%| S|CS|TAMS 0x0000000087400000, 0x0000000087400000| Complete 
| 117|0x0000000087500000, 0x0000000087600000, 0x0000000087600000|100%| S|CS|TAMS 0x0000000087500000, 0x0000000087500000| Complete 
| 118|0x0000000087600000, 0x0000000087700000, 0x0000000087700000|100%| S|CS|TAMS 0x0000000087600000, 0x0000000087600000| Complete 
| 119|0x0000000087700000, 0x0000000087700000, 0x0000000087800000|  0%| F|  |TAMS 0x0000000087700000, 0x0000000087700000| Untracked 
| 120|0x0000000087800000, 0x0000000087800000, 0x0000000087900000|  0%| F|  |TAMS 0x0000000087800000, 0x0000000087800000| Untracked 
| 121|0x0000000087900000, 0x0000000087900000, 0x0000000087a00000|  0%| F|  |TAMS 0x0000000087900000, 0x0000000087900000| Untracked 
| 122|0x0000000087a00000, 0x0000000087a00000, 0x0000000087b00000|  0%| F|  |TAMS 0x0000000087a00000, 0x0000000087a00000| Untracked 
| 123|0x0000000087b00000, 0x0000000087b00000, 0x0000000087c00000|  0%| F|  |TAMS 0x0000000087b00000, 0x0000000087b00000| Untracked 
| 124|0x0000000087c00000, 0x0000000087c00000, 0x0000000087d00000|  0%| F|  |TAMS 0x0000000087c00000, 0x0000000087c00000| Untracked 
| 125|0x0000000087d00000, 0x0000000087d00000, 0x0000000087e00000|  0%| F|  |TAMS 0x0000000087d00000, 0x0000000087d00000| Untracked 
| 126|0x0000000087e00000, 0x0000000087e00000, 0x0000000087f00000|  0%| F|  |TAMS 0x0000000087e00000, 0x0000000087e00000| Untracked 
| 127|0x0000000087f00000, 0x0000000087f00000, 0x0000000088000000|  0%| F|  |TAMS 0x0000000087f00000, 0x0000000087f00000| Untracked 
| 128|0x0000000088000000, 0x0000000088000000, 0x0000000088100000|  0%| F|  |TAMS 0x0000000088000000, 0x0000000088000000| Untracked 
| 129|0x0000000088100000, 0x0000000088100000, 0x0000000088200000|  0%| F|  |TAMS 0x0000000088100000, 0x0000000088100000| Untracked 
| 130|0x0000000088200000, 0x0000000088200000, 0x0000000088300000|  0%| F|  |TAMS 0x0000000088200000, 0x0000000088200000| Untracked 
| 131|0x0000000088300000, 0x0000000088300000, 0x0000000088400000|  0%| F|  |TAMS 0x0000000088300000, 0x0000000088300000| Untracked 
| 132|0x0000000088400000, 0x0000000088400000, 0x0000000088500000|  0%| F|  |TAMS 0x0000000088400000, 0x0000000088400000| Untracked 
| 133|0x0000000088500000, 0x0000000088500000, 0x0000000088600000|  0%| F|  |TAMS 0x0000000088500000, 0x0000000088500000| Untracked 
| 134|0x0000000088600000, 0x0000000088600000, 0x0000000088700000|  0%| F|  |TAMS 0x0000000088600000, 0x0000000088600000| Untracked 
| 135|0x0000000088700000, 0x0000000088700000, 0x0000000088800000|  0%| F|  |TAMS 0x0000000088700000, 0x0000000088700000| Untracked 
| 136|0x0000000088800000, 0x0000000088800000, 0x0000000088900000|  0%| F|  |TAMS 0x0000000088800000, 0x0000000088800000| Untracked 
| 137|0x0000000088900000, 0x0000000088900000, 0x0000000088a00000|  0%| F|  |TAMS 0x0000000088900000, 0x0000000088900000| Untracked 
| 138|0x0000000088a00000, 0x0000000088a00000, 0x0000000088b00000|  0%| F|  |TAMS 0x0000000088a00000, 0x0000000088a00000| Untracked 
| 139|0x0000000088b00000, 0x0000000088b00000, 0x0000000088c00000|  0%| F|  |TAMS 0x0000000088b00000, 0x0000000088b00000| Untracked 
| 140|0x0000000088c00000, 0x0000000088c00000, 0x0000000088d00000|  0%| F|  |TAMS 0x0000000088c00000, 0x0000000088c00000| Untracked 
| 141|0x0000000088d00000, 0x0000000088d00000, 0x0000000088e00000|  0%| F|  |TAMS 0x0000000088d00000, 0x0000000088d00000| Untracked 
| 142|0x0000000088e00000, 0x0000000088e00000, 0x0000000088f00000|  0%| F|  |TAMS 0x0000000088e00000, 0x0000000088e00000| Untracked 
| 143|0x0000000088f00000, 0x0000000088f00000, 0x0000000089000000|  0%| F|  |TAMS 0x0000000088f00000, 0x0000000088f00000| Untracked 
| 144|0x0000000089000000, 0x0000000089000000, 0x0000000089100000|  0%| F|  |TAMS 0x0000000089000000, 0x0000000089000000| Untracked 
| 145|0x0000000089100000, 0x0000000089100000, 0x0000000089200000|  0%| F|  |TAMS 0x0000000089100000, 0x0000000089100000| Untracked 
| 146|0x0000000089200000, 0x0000000089200000, 0x0000000089300000|  0%| F|  |TAMS 0x0000000089200000, 0x0000000089200000| Untracked 
| 147|0x0000000089300000, 0x0000000089300000, 0x0000000089400000|  0%| F|  |TAMS 0x0000000089300000, 0x0000000089300000| Untracked 
| 148|0x0000000089400000, 0x0000000089400000, 0x0000000089500000|  0%| F|  |TAMS 0x0000000089400000, 0x0000000089400000| Untracked 
| 149|0x0000000089500000, 0x0000000089500000, 0x0000000089600000|  0%| F|  |TAMS 0x0000000089500000, 0x0000000089500000| Untracked 
| 150|0x0000000089600000, 0x0000000089700000, 0x0000000089700000|100%| E|  |TAMS 0x0000000089600000, 0x0000000089600000| Complete 
| 151|0x0000000089700000, 0x0000000089800000, 0x0000000089800000|100%| E|CS|TAMS 0x0000000089700000, 0x0000000089700000| Complete 
| 152|0x0000000089800000, 0x0000000089900000, 0x0000000089900000|100%| E|CS|TAMS 0x0000000089800000, 0x0000000089800000| Complete 
| 153|0x0000000089900000, 0x0000000089a00000, 0x0000000089a00000|100%| E|CS|TAMS 0x0000000089900000, 0x0000000089900000| Complete 
| 154|0x0000000089a00000, 0x0000000089b00000, 0x0000000089b00000|100%| E|CS|TAMS 0x0000000089a00000, 0x0000000089a00000| Complete 
| 155|0x0000000089b00000, 0x0000000089c00000, 0x0000000089c00000|100%| E|CS|TAMS 0x0000000089b00000, 0x0000000089b00000| Complete 
| 156|0x0000000089c00000, 0x0000000089d00000, 0x0000000089d00000|100%| E|CS|TAMS 0x0000000089c00000, 0x0000000089c00000| Complete 
| 157|0x0000000089d00000, 0x0000000089e00000, 0x0000000089e00000|100%| E|CS|TAMS 0x0000000089d00000, 0x0000000089d00000| Complete 
| 158|0x0000000089e00000, 0x0000000089f00000, 0x0000000089f00000|100%| E|CS|TAMS 0x0000000089e00000, 0x0000000089e00000| Complete 
| 159|0x0000000089f00000, 0x000000008a000000, 0x000000008a000000|100%| E|CS|TAMS 0x0000000089f00000, 0x0000000089f00000| Complete 
| 160|0x000000008a000000, 0x000000008a100000, 0x000000008a100000|100%| E|CS|TAMS 0x000000008a000000, 0x000000008a000000| Complete 
| 161|0x000000008a100000, 0x000000008a200000, 0x000000008a200000|100%| E|CS|TAMS 0x000000008a100000, 0x000000008a100000| Complete 
| 162|0x000000008a200000, 0x000000008a300000, 0x000000008a300000|100%| E|CS|TAMS 0x000000008a200000, 0x000000008a200000| Complete 
| 163|0x000000008a300000, 0x000000008a400000, 0x000000008a400000|100%| E|CS|TAMS 0x000000008a300000, 0x000000008a300000| Complete 
| 164|0x000000008a400000, 0x000000008a500000, 0x000000008a500000|100%| E|CS|TAMS 0x000000008a400000, 0x000000008a400000| Complete 
| 165|0x000000008a500000, 0x000000008a600000, 0x000000008a600000|100%| E|CS|TAMS 0x000000008a500000, 0x000000008a500000| Complete 
| 166|0x000000008a600000, 0x000000008a700000, 0x000000008a700000|100%| E|CS|TAMS 0x000000008a600000, 0x000000008a600000| Complete 
| 167|0x000000008a700000, 0x000000008a800000, 0x000000008a800000|100%| E|CS|TAMS 0x000000008a700000, 0x000000008a700000| Complete 
| 168|0x000000008a800000, 0x000000008a900000, 0x000000008a900000|100%| E|CS|TAMS 0x000000008a800000, 0x000000008a800000| Complete 
| 169|0x000000008a900000, 0x000000008aa00000, 0x000000008aa00000|100%| E|CS|TAMS 0x000000008a900000, 0x000000008a900000| Complete 
| 170|0x000000008aa00000, 0x000000008ab00000, 0x000000008ab00000|100%| E|CS|TAMS 0x000000008aa00000, 0x000000008aa00000| Complete 

Card table byte_map: [0x00000205ef240000,0x00000205ef640000] _byte_map_base: 0x00000205eee40000

Marking Bits (Prev, Next): (CMBitMap*) 0x00000205d6dc1718, (CMBitMap*) 0x00000205d6dc1758
 Prev Bits: [0x00000205efa40000, 0x00000205f1a40000)
 Next Bits: [0x00000205f1a40000, 0x00000205f3a40000)

Polling page: 0x00000205d54e0000

Metaspace:

Usage:
  Non-class:     60.57 MB capacity,    59.29 MB ( 98%) used,     1.10 MB (  2%) free+waste,   185.69 KB ( <1%) overhead. 
      Class:     10.07 MB capacity,     9.38 MB ( 93%) used,   619.88 KB (  6%) free+waste,    89.69 KB ( <1%) overhead. 
       Both:     70.64 MB capacity,    68.67 MB ( 97%) used,     1.70 MB (  2%) free+waste,   275.38 KB ( <1%) overhead. 

Virtual space:
  Non-class space:       62.00 MB reserved,      60.58 MB ( 98%) committed 
      Class space:        1.00 GB reserved,      10.13 MB ( <1%) committed 
             Both:        1.06 GB reserved,      70.70 MB (  7%) committed 

Chunk freelists:
   Non-Class:  9.00 KB
       Class:  20.00 KB
        Both:  29.00 KB

MaxMetaspaceSize: 17179869184.00 GB
CompressedClassSpaceSize: 1.00 GB

CodeHeap 'non-profiled nmethods': size=120000Kb used=3342Kb max_used=3785Kb free=116657Kb
 bounds [0x00000205e6d60000, 0x00000205e7120000, 0x00000205ee290000]
CodeHeap 'profiled nmethods': size=120000Kb used=15076Kb max_used=15540Kb free=104923Kb
 bounds [0x00000205df830000, 0x00000205e0760000, 0x00000205e6d60000]
CodeHeap 'non-nmethods': size=5760Kb used=2388Kb max_used=2427Kb free=3371Kb
 bounds [0x00000205df290000, 0x00000205df500000, 0x00000205df830000]
 total_blobs=9724 nmethods=6654 adapters=784
 compilation: enabled
              stopped_count=0, restarted_count=0
 full_count=0

Compilation events (20 events):
Event: 22.365 Thread 0x00000205f64ac000 7319       2       com.android.build.gradle.options.ProjectOptions::lambda$readOptions$0 (2 bytes)
Event: 22.365 Thread 0x00000205f64ac000 nmethod 7319 0x00000205dfd00a90 code [0x00000205dfd00c20, 0x00000205dfd00d58]
Event: 22.379 Thread 0x00000205f64ac000 7320       2       org.gradle.api.internal.provider.DefaultPropertyFactory::property (13 bytes)
Event: 22.380 Thread 0x00000205f64ac000 nmethod 7320 0x00000205df9e7b90 code [0x00000205df9e7d60, 0x00000205df9e8230]
Event: 22.523 Thread 0x00000205f64ac000 7321       2       java.util.Formatter::ensureOpen (16 bytes)
Event: 22.524 Thread 0x00000205f64ac000 nmethod 7321 0x00000205df902690 code [0x00000205df902840, 0x00000205df902a30]
Event: 22.554 Thread 0x00000205f64ac000 7322       1       java.lang.ClassLoader::findResource (2 bytes)
Event: 22.554 Thread 0x00000205f64ac000 nmethod 7322 0x00000205e6dcaa90 code [0x00000205e6dcac20, 0x00000205e6dcad58]
Event: 22.554 Thread 0x00000205f64ac000 7323       2       java.util.jar.JarFile::getVersionedEntry (85 bytes)
Event: 22.556 Thread 0x00000205f64ac000 nmethod 7323 0x00000205df8c5410 code [0x00000205df8c5640, 0x00000205df8c5d50]
Event: 22.556 Thread 0x00000205f64ac000 7324       2       java.lang.ModuleLayer::boot (4 bytes)
Event: 22.557 Thread 0x00000205f64ac000 nmethod 7324 0x00000205dfdaca90 code [0x00000205dfdacc20, 0x00000205dfdacd78]
Event: 22.625 Thread 0x00000205f64ac000 7326       2       java.lang.StackTraceElement::<init> (10 bytes)
Event: 22.626 Thread 0x00000205f64ac000 nmethod 7326 0x00000205dfddf090 code [0x00000205dfddf220, 0x00000205dfddf398]
Event: 22.626 Thread 0x00000205f64ac000 7327  s!   2       java.lang.StackTraceElement::computeFormat (71 bytes)
Event: 22.627 Thread 0x00000205f64ac000 nmethod 7327 0x00000205dfdc1690 code [0x00000205dfdc1860, 0x00000205dfdc1da0]
Event: 22.627 Thread 0x00000205f64ac000 7328       2       java.lang.StackTraceElement::isHashedInJavaBase (31 bytes)
Event: 22.627 Thread 0x00000205f64ac000 nmethod 7328 0x00000205dfdea110 code [0x00000205dfdea2c0, 0x00000205dfdea500]
Event: 22.633 Thread 0x00000205f64ac000 7329       2       java.security.CodeSource::getCertificates (98 bytes)
Event: 22.634 Thread 0x00000205f64ac000 nmethod 7329 0x00000205df913310 code [0x00000205df913520, 0x00000205df913af0]

GC Heap History (20 events):
Event: 17.379 GC heap before
{Heap before GC invocations=20 (full 0):
 garbage-first heap   total 117760K, used 91246K [0x0000000080000000, 0x0000000100000000)
  region size 1024K, 26 young (26624K), 2 survivors (2048K)
 Metaspace       used 49894K, capacity 51466K, committed 51664K, reserved 1093632K
  class space    used 6682K, capacity 7206K, committed 7296K, reserved 1048576K
}
Event: 17.385 GC heap after
{Heap after GC invocations=21 (full 0):
 garbage-first heap   total 117760K, used 69900K [0x0000000080000000, 0x0000000100000000)
  region size 1024K, 4 young (4096K), 4 survivors (4096K)
 Metaspace       used 49894K, capacity 51466K, committed 51664K, reserved 1093632K
  class space    used 6682K, capacity 7206K, committed 7296K, reserved 1048576K
}
Event: 17.668 GC heap before
{Heap before GC invocations=22 (full 0):
 garbage-first heap   total 124928K, used 81164K [0x0000000080000000, 0x0000000100000000)
  region size 1024K, 16 young (16384K), 4 survivors (4096K)
 Metaspace       used 51235K, capacity 52870K, committed 53072K, reserved 1095680K
  class space    used 6847K, capacity 7373K, committed 7424K, reserved 1048576K
}
Event: 17.676 GC heap after
{Heap after GC invocations=23 (full 0):
 garbage-first heap   total 124928K, used 71256K [0x0000000080000000, 0x0000000100000000)
  region size 1024K, 2 young (2048K), 2 survivors (2048K)
 Metaspace       used 51235K, capacity 52870K, committed 53072K, reserved 1095680K
  class space    used 6847K, capacity 7373K, committed 7424K, reserved 1048576K
}
Event: 18.249 GC heap before
{Heap before GC invocations=24 (full 0):
 garbage-first heap   total 124928K, used 93784K [0x0000000080000000, 0x0000000100000000)
  region size 1024K, 23 young (23552K), 2 survivors (2048K)
 Metaspace       used 54011K, capacity 55668K, committed 56016K, reserved 1097728K
  class space    used 7155K, capacity 7681K, committed 7808K, reserved 1048576K
}
Event: 18.252 GC heap after
{Heap after GC invocations=25 (full 0):
 garbage-first heap   total 124928K, used 72286K [0x0000000080000000, 0x0000000100000000)
  region size 1024K, 3 young (3072K), 3 survivors (3072K)
 Metaspace       used 54011K, capacity 55668K, committed 56016K, reserved 1097728K
  class space    used 7155K, capacity 7681K, committed 7808K, reserved 1048576K
}
Event: 18.414 GC heap before
{Heap before GC invocations=25 (full 0):
 garbage-first heap   total 124928K, used 94814K [0x0000000080000000, 0x0000000100000000)
  region size 1024K, 25 young (25600K), 3 survivors (3072K)
 Metaspace       used 54317K, capacity 55985K, committed 56272K, reserved 1097728K
  class space    used 7202K, capacity 7723K, committed 7808K, reserved 1048576K
}
Event: 18.419 GC heap after
{Heap after GC invocations=26 (full 0):
 garbage-first heap   total 124928K, used 74797K [0x0000000080000000, 0x0000000100000000)
  region size 1024K, 4 young (4096K), 4 survivors (4096K)
 Metaspace       used 54317K, capacity 55985K, committed 56272K, reserved 1097728K
  class space    used 7202K, capacity 7723K, committed 7808K, reserved 1048576K
}
Event: 18.883 GC heap before
{Heap before GC invocations=27 (full 0):
 garbage-first heap   total 133120K, used 96301K [0x0000000080000000, 0x0000000100000000)
  region size 1024K, 26 young (26624K), 4 survivors (4096K)
 Metaspace       used 57627K, capacity 59343K, committed 59600K, reserved 1101824K
  class space    used 7736K, capacity 8290K, committed 8320K, reserved 1048576K
}
Event: 18.890 GC heap after
{Heap after GC invocations=28 (full 0):
 garbage-first heap   total 133120K, used 76010K [0x0000000080000000, 0x0000000100000000)
  region size 1024K, 2 young (2048K), 2 survivors (2048K)
 Metaspace       used 57627K, capacity 59343K, committed 59600K, reserved 1101824K
  class space    used 7736K, capacity 8290K, committed 8320K, reserved 1048576K
}
Event: 19.464 GC heap before
{Heap before GC invocations=28 (full 0):
 garbage-first heap   total 133120K, used 101610K [0x0000000080000000, 0x0000000100000000)
  region size 1024K, 27 young (27648K), 2 survivors (2048K)
 Metaspace       used 59147K, capacity 60928K, committed 61136K, reserved 1101824K
  class space    used 7949K, capacity 8516K, committed 8576K, reserved 1048576K
}
Event: 19.469 GC heap after
{Heap after GC invocations=29 (full 0):
 garbage-first heap   total 133120K, used 78045K [0x0000000080000000, 0x0000000100000000)
  region size 1024K, 4 young (4096K), 4 survivors (4096K)
 Metaspace       used 59147K, capacity 60928K, committed 61136K, reserved 1101824K
  class space    used 7949K, capacity 8516K, committed 8576K, reserved 1048576K
}
Event: 19.766 GC heap before
{Heap before GC invocations=30 (full 0):
 garbage-first heap   total 145408K, used 102621K [0x0000000080000000, 0x0000000100000000)
  region size 1024K, 28 young (28672K), 4 survivors (4096K)
 Metaspace       used 59866K, capacity 61745K, committed 61776K, reserved 1101824K
  class space    used 8078K, capacity 8683K, committed 8704K, reserved 1048576K
}
Event: 19.773 GC heap after
{Heap after GC invocations=31 (full 0):
 garbage-first heap   total 145408K, used 80311K [0x0000000080000000, 0x0000000100000000)
  region size 1024K, 3 young (3072K), 3 survivors (3072K)
 Metaspace       used 59866K, capacity 61745K, committed 61776K, reserved 1101824K
  class space    used 8078K, capacity 8683K, committed 8704K, reserved 1048576K
}
Event: 20.423 GC heap before
{Heap before GC invocations=31 (full 0):
 garbage-first heap   total 145408K, used 110007K [0x0000000080000000, 0x0000000100000000)
  region size 1024K, 33 young (33792K), 3 survivors (3072K)
 Metaspace       used 63070K, capacity 64973K, committed 65104K, reserved 1105920K
  class space    used 8553K, capacity 9210K, committed 9216K, reserved 1048576K
}
Event: 20.431 GC heap after
{Heap after GC invocations=32 (full 0):
 garbage-first heap   total 175104K, used 81380K [0x0000000080000000, 0x0000000100000000)
  region size 1024K, 4 young (4096K), 4 survivors (4096K)
 Metaspace       used 63070K, capacity 64973K, committed 65104K, reserved 1105920K
  class space    used 8553K, capacity 9210K, committed 9216K, reserved 1048576K
}
Event: 21.398 GC heap before
{Heap before GC invocations=33 (full 0):
 garbage-first heap   total 175104K, used 127460K [0x0000000080000000, 0x0000000100000000)
  region size 1024K, 49 young (50176K), 4 survivors (4096K)
 Metaspace       used 65472K, capacity 67508K, committed 67792K, reserved 1107968K
  class space    used 8896K, capacity 9524K, committed 9600K, reserved 1048576K
}
Event: 21.406 GC heap after
{Heap after GC invocations=34 (full 0):
 garbage-first heap   total 175104K, used 84134K [0x0000000080000000, 0x0000000100000000)
  region size 1024K, 6 young (6144K), 6 survivors (6144K)
 Metaspace       used 65472K, capacity 67508K, committed 67792K, reserved 1107968K
  class space    used 8896K, capacity 9524K, committed 9600K, reserved 1048576K
}
Event: 22.231 GC heap before
{Heap before GC invocations=34 (full 0):
 garbage-first heap   total 175104K, used 131238K [0x0000000080000000, 0x0000000100000000)
  region size 1024K, 52 young (53248K), 6 survivors (6144K)
 Metaspace       used 68206K, capacity 70279K, committed 70608K, reserved 1110016K
  class space    used 9271K, capacity 9993K, committed 10112K, reserved 1048576K
}
Event: 22.243 GC heap after
{Heap after GC invocations=35 (full 0):
 garbage-first heap   total 175104K, used 87594K [0x0000000080000000, 0x0000000100000000)
  region size 1024K, 7 young (7168K), 7 survivors (7168K)
 Metaspace       used 68206K, capacity 70279K, committed 70608K, reserved 1110016K
  class space    used 9271K, capacity 9993K, committed 10112K, reserved 1048576K
}

Deoptimization events (20 events):
Event: 22.170 Thread 0x00000205f865a000 DEOPT PACKING pc=0x00000205e0736f00 sp=0x000000959fafa000
Event: 22.170 Thread 0x00000205f865a000 DEOPT UNPACKING pc=0x00000205df2d964e sp=0x000000959faf94d0 mode 0
Event: 22.195 Thread 0x00000205f865a000 DEOPT PACKING pc=0x00000205e0483b3a sp=0x000000959faf88e0
Event: 22.195 Thread 0x00000205f865a000 DEOPT UNPACKING pc=0x00000205df2d964e sp=0x000000959faf7dd8 mode 0
Event: 22.220 Thread 0x00000205f865a000 DEOPT PACKING pc=0x00000205e0705366 sp=0x000000959faf8250
Event: 22.220 Thread 0x00000205f865a000 DEOPT UNPACKING pc=0x00000205df2d964e sp=0x000000959faf76e0 mode 0
Event: 22.230 Thread 0x00000205f865a000 DEOPT PACKING pc=0x00000205e0483b3a sp=0x000000959faf9d60
Event: 22.230 Thread 0x00000205f865a000 DEOPT UNPACKING pc=0x00000205df2d964e sp=0x000000959faf9258 mode 0
Event: 22.273 Thread 0x00000205f865a000 Uncommon trap: trap_request=0xffffffc6 fr.pc=0x00000205e6ff9760 relative=0x0000000000000900
Event: 22.273 Thread 0x00000205f865a000 Uncommon trap: reason=bimorphic_or_optimized_type_check action=maybe_recompile pc=0x00000205e6ff9760 method=java.lang.Throwable.<init>(Ljava/lang/String;Ljava/lang/Throwable;)V @ 24 c2
Event: 22.273 Thread 0x00000205f865a000 DEOPT PACKING pc=0x00000205e6ff9760 sp=0x000000959fafadc0
Event: 22.273 Thread 0x00000205f865a000 DEOPT UNPACKING pc=0x00000205df2d912f sp=0x000000959fafad30 mode 2
Event: 22.273 Thread 0x00000205f865a000 Uncommon trap: trap_request=0xffffffc6 fr.pc=0x00000205e6ff9760 relative=0x0000000000000900
Event: 22.273 Thread 0x00000205f865a000 Uncommon trap: reason=bimorphic_or_optimized_type_check action=maybe_recompile pc=0x00000205e6ff9760 method=java.lang.Throwable.<init>(Ljava/lang/String;Ljava/lang/Throwable;)V @ 24 c2
Event: 22.273 Thread 0x00000205f865a000 DEOPT PACKING pc=0x00000205e6ff9760 sp=0x000000959faface0
Event: 22.273 Thread 0x00000205f865a000 DEOPT UNPACKING pc=0x00000205df2d912f sp=0x000000959fafac50 mode 2
Event: 22.534 Thread 0x00000205f865a000 Uncommon trap: trap_request=0xffffff45 fr.pc=0x00000205e6ecd800 relative=0x00000000000009a0
Event: 22.534 Thread 0x00000205f865a000 Uncommon trap: reason=unstable_if action=reinterpret pc=0x00000205e6ecd800 method=java.util.jar.JarFile.getVersionedEntry(Ljava/lang/String;Ljava/util/jar/JarEntry;)Ljava/util/jar/JarEntry; @ 67 c2
Event: 22.534 Thread 0x00000205f865a000 DEOPT PACKING pc=0x00000205e6ecd800 sp=0x000000959faf8440
Event: 22.534 Thread 0x00000205f865a000 DEOPT UNPACKING pc=0x00000205df2d912f sp=0x000000959faf8428 mode 2

Classes unloaded (15 events):
Event: 16.064 Thread 0x00000205f647c800 Unloading class 0x00000008010da840 'org/gradle/internal/resource/cached/AbstractCachedIndex$$Lambda$429'
Event: 16.064 Thread 0x00000205f647c800 Unloading class 0x00000008010da440 'org/gradle/internal/resource/cached/AbstractCachedIndex$$Lambda$428'
Event: 16.064 Thread 0x00000205f647c800 Unloading class 0x00000008010da040 'org/gradle/internal/resource/cached/AbstractCachedIndex$$Lambda$427'
Event: 16.064 Thread 0x00000205f647c800 Unloading class 0x00000008010d9840 'org/gradle/api/internal/artifacts/ivyservice/ivyresolve/ErrorHandlingModuleComponentRepository$ErrorHandlingModuleComponentRepositoryAccess$$Lambda$425'
Event: 16.064 Thread 0x00000205f647c800 Unloading class 0x00000008010d9440 'org/gradle/api/internal/artifacts/ivyservice/ivyresolve/ErrorHandlingModuleComponentRepository$ErrorHandlingModuleComponentRepositoryAccess$$Lambda$424'
Event: 16.064 Thread 0x00000205f647c800 Unloading class 0x00000008010d9040 'org/gradle/api/internal/artifacts/ivyservice/ivyresolve/ErrorHandlingModuleComponentRepository$ErrorHandlingModuleComponentRepositoryAccess$$Lambda$422'
Event: 16.064 Thread 0x00000205f647c800 Unloading class 0x00000008010d8840 'org/gradle/api/internal/artifacts/ivyservice/ivyresolve/ErrorHandlingModuleComponentRepository$ErrorHandlingModuleComponentRepositoryAccess$$Lambda$421'
Event: 16.064 Thread 0x00000205f647c800 Unloading class 0x00000008010d8440 'org/gradle/api/internal/artifacts/ivyservice/ivyresolve/ErrorHandlingModuleComponentRepository$ErrorHandlingModuleComponentRepositoryAccess$$Lambda$420'
Event: 16.064 Thread 0x00000205f647c800 Unloading class 0x00000008010d8040 'org/gradle/api/internal/artifacts/ivyservice/ivyresolve/ErrorHandlingModuleComponentRepository$ErrorHandlingModuleComponentRepositoryAccess$$Lambda$419'
Event: 16.064 Thread 0x00000205f647c800 Unloading class 0x00000008010c1440 'org/gradle/api/internal/artifacts/ivyservice/ivyresolve/ErrorHandlingModuleComponentRepository$ErrorHandlingModuleComponentRepositoryAccess$$Lambda$417'
Event: 16.064 Thread 0x00000205f647c800 Unloading class 0x00000008010c1c40 'org/gradle/api/internal/artifacts/ivyservice/ivyresolve/ErrorHandlingModuleComponentRepository$ErrorHandlingModuleComponentRepositoryAccess$$Lambda$416'
Event: 16.064 Thread 0x00000205f647c800 Unloading class 0x00000008010c2440 'org/gradle/api/internal/artifacts/ivyservice/ivyresolve/ErrorHandlingModuleComponentRepository$ErrorHandlingModuleComponentRepositoryAccess$$Lambda$415'
Event: 16.064 Thread 0x00000205f647c800 Unloading class 0x00000008010c2040 'org/gradle/api/internal/artifacts/ivyservice/ivyresolve/ErrorHandlingModuleComponentRepository$ErrorHandlingModuleComponentRepositoryAccess$$Lambda$414'
Event: 16.064 Thread 0x00000205f647c800 Unloading class 0x00000008010c2c40 'org/gradle/internal/operations/DefaultBuildOperationQueue$WorkerRunnable$$Lambda$412'
Event: 16.064 Thread 0x00000205f647c800 Unloading class 0x00000008010c3440 'org/gradle/internal/operations/DefaultBuildOperationQueue$WorkerRunnable$$Lambda$410'

Classes redefined (0 events):
No events

Internal exceptions (20 events):
Event: 22.196 Thread 0x00000205f865a000 Exception <a 'java/lang/ClassNotFoundException'{0x00000000882d9668}: java/util/LinkedHashSetBeanInfo> (0x00000000882d9668) 
thrown [t:/workspace/open/src/hotspot/share/classfile/systemDictionary.cpp, line 232]
Event: 22.196 Thread 0x00000205f865a000 Exception <a 'java/lang/ClassNotFoundException'{0x00000000882e23d0}: java/util/HashSetBeanInfo> (0x00000000882e23d0) 
thrown [t:/workspace/open/src/hotspot/share/classfile/systemDictionary.cpp, line 232]
Event: 22.196 Thread 0x00000205f865a000 Exception <a 'java/lang/ClassNotFoundException'{0x00000000882ebac8}: java/util/AbstractSetBeanInfo> (0x00000000882ebac8) 
thrown [t:/workspace/open/src/hotspot/share/classfile/systemDictionary.cpp, line 232]
Event: 22.197 Thread 0x00000205f865a000 Exception <a 'java/lang/ClassNotFoundException'{0x00000000882f52f8}: java/util/AbstractSetCustomizer> (0x00000000882f52f8) 
thrown [t:/workspace/open/src/hotspot/share/classfile/systemDictionary.cpp, line 232]
Event: 22.198 Thread 0x00000205f865a000 Exception <a 'java/lang/ClassNotFoundException'{0x00000000881027a8}: java/util/HashSetCustomizer> (0x00000000881027a8) 
thrown [t:/workspace/open/src/hotspot/share/classfile/systemDictionary.cpp, line 232]
Event: 22.198 Thread 0x00000205f865a000 Exception <a 'java/lang/ClassNotFoundException'{0x0000000088113920}: java/util/LinkedHashSetCustomizer> (0x0000000088113920) 
thrown [t:/workspace/open/src/hotspot/share/classfile/systemDictionary.cpp, line 232]
Event: 22.209 Thread 0x00000205f865a000 Exception <a 'java/lang/ClassNotFoundException'{0x00000000881f1060}: com/android/build/gradle/tasks/factory/AndroidUnitTest_DecoratedBeanInfo> (0x00000000881f1060) 
thrown [t:/workspace/open/src/hotspot/share/classfile/systemDictionary.cpp, line 232]
Event: 22.209 Thread 0x00000205f865a000 Exception <a 'java/lang/ClassNotFoundException'{0x00000000880081e8}: com/android/build/gradle/tasks/factory/AndroidUnitTestBeanInfo> (0x00000000880081e8) 
thrown [t:/workspace/open/src/hotspot/share/classfile/systemDictionary.cpp, line 232]
Event: 22.210 Thread 0x00000205f865a000 Exception <a 'java/lang/ClassNotFoundException'{0x0000000088025668}: org/gradle/api/tasks/testing/TestBeanInfo> (0x0000000088025668) 
thrown [t:/workspace/open/src/hotspot/share/classfile/systemDictionary.cpp, line 232]
Event: 22.210 Thread 0x00000205f865a000 Exception <a 'java/lang/ClassNotFoundException'{0x0000000088046648}: org/gradle/api/tasks/testing/AbstractTestTaskBeanInfo> (0x0000000088046648) 
thrown [t:/workspace/open/src/hotspot/share/classfile/systemDictionary.cpp, line 232]
Event: 22.211 Thread 0x00000205f865a000 Exception <a 'java/lang/ClassNotFoundException'{0x0000000088067b80}: org/gradle/api/tasks/testing/AbstractTestTaskCustomizer> (0x0000000088067b80) 
thrown [t:/workspace/open/src/hotspot/share/classfile/systemDictionary.cpp, line 232]
Event: 22.212 Thread 0x00000205f865a000 Exception <a 'java/lang/ClassNotFoundException'{0x00000000880a4810}: org/gradle/api/tasks/testing/TestCustomizer> (0x00000000880a4810) 
thrown [t:/workspace/open/src/hotspot/share/classfile/systemDictionary.cpp, line 232]
Event: 22.217 Thread 0x00000205f865a000 Exception <a 'java/lang/ClassNotFoundException'{0x0000000087f560f0}: com/android/build/gradle/tasks/factory/AndroidUnitTestCustomizer> (0x0000000087f560f0) 
thrown [t:/workspace/open/src/hotspot/share/classfile/systemDictionary.cpp, line 232]
Event: 22.218 Thread 0x00000205f865a000 Exception <a 'java/lang/ClassNotFoundException'{0x0000000087f89330}: com/android/build/gradle/tasks/factory/AndroidUnitTest_DecoratedCustomizer> (0x0000000087f89330) 
thrown [t:/workspace/open/src/hotspot/share/classfile/systemDictionary.cpp, line 232]
Event: 22.245 Thread 0x00000205f865a000 Exception <a 'java/lang/ClassNotFoundException'{0x000000008aa8a3c8}: org/gradle/api/internal/tasks/DefaultSourceSetContainer_DecoratedBeanInfo> (0x000000008aa8a3c8) 
thrown [t:/workspace/open/src/hotspot/share/classfile/systemDictionary.cpp, line 232]
Event: 22.246 Thread 0x00000205f865a000 Exception <a 'java/lang/ClassNotFoundException'{0x000000008aaac0c8}: org/gradle/api/internal/tasks/DefaultSourceSetContainerBeanInfo> (0x000000008aaac0c8) 
thrown [t:/workspace/open/src/hotspot/share/classfile/systemDictionary.cpp, line 232]
Event: 22.247 Thread 0x00000205f865a000 Exception <a 'java/lang/ClassNotFoundException'{0x000000008aace0c8}: org/gradle/api/internal/tasks/DefaultSourceSetContainerCustomizer> (0x000000008aace0c8) 
thrown [t:/workspace/open/src/hotspot/share/classfile/systemDictionary.cpp, line 232]
Event: 22.249 Thread 0x00000205f865a000 Exception <a 'java/lang/ClassNotFoundException'{0x000000008aafeb90}: org/gradle/api/internal/tasks/DefaultSourceSetContainer_DecoratedCustomizer> (0x000000008aafeb90) 
thrown [t:/workspace/open/src/hotspot/share/classfile/systemDictionary.cpp, line 232]
Event: 22.466 Thread 0x00000205f865a000 Exception <a 'sun/nio/fs/WindowsException'{0x000000008a501b50}> (0x000000008a501b50) 
thrown [t:/workspace/open/src/hotspot/share/prims/jni.cpp, line 598]
Event: 22.614 Thread 0x00000205f865a000 Exception <a 'java/lang/NullPointerException'{0x0000000089ea49a0}> (0x0000000089ea49a0) 
thrown [t:/workspace/open/src/hotspot/share/interpreter/linkResolver.cpp, line 1431]

Events (20 events):
Event: 22.653 loading class com/sun/xml/bind/v2/model/impl/RuntimeBuiltinLeafInfoImpl$17
Event: 22.653 loading class com/sun/xml/bind/v2/model/impl/RuntimeBuiltinLeafInfoImpl$17 done
Event: 22.655 loading class com/sun/xml/bind/v2/model/impl/RuntimeBuiltinLeafInfoImpl$18
Event: 22.655 loading class com/sun/xml/bind/v2/model/impl/RuntimeBuiltinLeafInfoImpl$18 done
Event: 22.655 loading class com/sun/xml/bind/v2/model/impl/RuntimeBuiltinLeafInfoImpl$19
Event: 22.655 loading class com/sun/xml/bind/v2/model/impl/RuntimeBuiltinLeafInfoImpl$19 done
Event: 22.656 loading class com/sun/xml/bind/v2/model/impl/RuntimeBuiltinLeafInfoImpl$20
Event: 22.656 loading class com/sun/xml/bind/v2/model/impl/RuntimeBuiltinLeafInfoImpl$20 done
Event: 22.657 loading class com/sun/xml/bind/v2/model/impl/RuntimeBuiltinLeafInfoImpl$21
Event: 22.657 loading class com/sun/xml/bind/v2/model/impl/RuntimeBuiltinLeafInfoImpl$21 done
Event: 22.658 loading class com/sun/xml/bind/v2/model/impl/RuntimeBuiltinLeafInfoImpl$22
Event: 22.658 loading class com/sun/xml/bind/v2/model/impl/RuntimeBuiltinLeafInfoImpl$22 done
Event: 22.659 loading class com/sun/xml/bind/v2/model/impl/RuntimeBuiltinLeafInfoImpl$23
Event: 22.659 loading class com/sun/xml/bind/v2/model/impl/RuntimeBuiltinLeafInfoImpl$23 done
Event: 22.660 loading class com/sun/xml/bind/v2/model/impl/RuntimeBuiltinLeafInfoImpl$24
Event: 22.660 loading class com/sun/xml/bind/v2/model/impl/RuntimeBuiltinLeafInfoImpl$24 done
Event: 22.661 loading class javax/xml/namespace/NamespaceContext
Event: 22.661 loading class javax/xml/namespace/NamespaceContext done
Event: 22.661 loading class com/sun/xml/bind/v2/model/impl/RuntimeBuiltinLeafInfoImpl$26
Event: 22.662 loading class com/sun/xml/bind/v2/model/impl/RuntimeBuiltinLeafInfoImpl$26 done


Dynamic libraries:
0x00007ff78e750000 - 0x00007ff78e75f000 	C:\Program Files\Java\jdk-13.0.1\bin\java.exe
0x00007ffc985d0000 - 0x00007ffc987c5000 	C:\WINDOWS\SYSTEM32\ntdll.dll
0x00007ffc97430000 - 0x00007ffc974ed000 	C:\WINDOWS\System32\KERNEL32.DLL
0x00007ffc96130000 - 0x00007ffc963f9000 	C:\WINDOWS\System32\KERNELBASE.dll
0x00007ffc907f0000 - 0x00007ffc90808000 	C:\Program Files\Java\jdk-13.0.1\bin\jli.dll
0x00007ffc96b10000 - 0x00007ffc96bbc000 	C:\WINDOWS\System32\ADVAPI32.dll
0x00007ffc967f0000 - 0x00007ffc9688e000 	C:\WINDOWS\System32\msvcrt.dll
0x00007ffc95dc0000 - 0x00007ffc95ec0000 	C:\WINDOWS\System32\ucrtbase.dll
0x00007ffc97f10000 - 0x00007ffc97fac000 	C:\WINDOWS\System32\sechost.dll
0x00007ffc96640000 - 0x00007ffc9676b000 	C:\WINDOWS\System32\RPCRT4.dll
0x00007ffc96970000 - 0x00007ffc96b10000 	C:\WINDOWS\System32\USER32.dll
0x00007ffc95d10000 - 0x00007ffc95d32000 	C:\WINDOWS\System32\win32u.dll
0x00007ffc98560000 - 0x00007ffc9858a000 	C:\WINDOWS\System32\GDI32.dll
0x00007ffc96400000 - 0x00007ffc9650b000 	C:\WINDOWS\System32\gdi32full.dll
0x00007ffc96590000 - 0x00007ffc9662d000 	C:\WINDOWS\System32\msvcp_win.dll
0x00007ffc8dc20000 - 0x00007ffc8dc35000 	C:\Program Files\Java\jdk-13.0.1\bin\VCRUNTIME140.dll
0x00007ffc87060000 - 0x00007ffc872fa000 	C:\WINDOWS\WinSxS\amd64_microsoft.windows.common-controls_6595b64144ccf1df_6.0.19041.844_none_ca00b6081b84eb1d\COMCTL32.dll
0x00007ffc90750000 - 0x00007ffc9075a000 	C:\WINDOWS\SYSTEM32\VERSION.dll
0x00007ffc98100000 - 0x00007ffc98130000 	C:\WINDOWS\System32\IMM32.DLL
0x00007ffc81e90000 - 0x00007ffc81f2b000 	C:\Program Files\Java\jdk-13.0.1\bin\msvcp140.dll
0x00007ffc59690000 - 0x00007ffc5a1f6000 	C:\Program Files\Java\jdk-13.0.1\bin\server\jvm.dll
0x00007ffc98310000 - 0x00007ffc98318000 	C:\WINDOWS\System32\PSAPI.DLL
0x00007ffc8c970000 - 0x00007ffc8c997000 	C:\WINDOWS\SYSTEM32\WINMM.dll
0x00007ffc420d0000 - 0x00007ffc420d9000 	C:\WINDOWS\SYSTEM32\WSOCK32.dll
0x00007ffc97fb0000 - 0x00007ffc9801b000 	C:\WINDOWS\System32\WS2_32.dll
0x00007ffc93b70000 - 0x00007ffc93b82000 	C:\WINDOWS\SYSTEM32\kernel.appcore.dll
0x00007ffc8dca0000 - 0x00007ffc8dcb0000 	C:\Program Files\Java\jdk-13.0.1\bin\verify.dll
0x00007ffc8f150000 - 0x00007ffc8f334000 	C:\WINDOWS\SYSTEM32\DBGHELP.DLL
0x00007ffc8ee20000 - 0x00007ffc8ee4c000 	C:\WINDOWS\SYSTEM32\dbgcore.DLL
0x00007ffc96510000 - 0x00007ffc96590000 	C:\WINDOWS\System32\bcryptPrimitives.dll
0x00007ffc82bd0000 - 0x00007ffc82bf6000 	C:\Program Files\Java\jdk-13.0.1\bin\java.dll
0x00007ffc82400000 - 0x00007ffc82417000 	C:\Program Files\Java\jdk-13.0.1\bin\zip.dll
0x00007ffc8c160000 - 0x00007ffc8c16a000 	C:\Program Files\Java\jdk-13.0.1\bin\jimage.dll
0x00007ffc96bc0000 - 0x00007ffc97302000 	C:\WINDOWS\System32\SHELL32.dll
0x00007ffc93e50000 - 0x00007ffc945e0000 	C:\WINDOWS\SYSTEM32\windows.storage.dll
0x00007ffc97ba0000 - 0x00007ffc97ef5000 	C:\WINDOWS\System32\combase.dll
0x00007ffc95780000 - 0x00007ffc957ac000 	C:\WINDOWS\SYSTEM32\Wldp.dll
0x00007ffc983e0000 - 0x00007ffc9848e000 	C:\WINDOWS\System32\SHCORE.dll
0x00007ffc98320000 - 0x00007ffc98375000 	C:\WINDOWS\System32\shlwapi.dll
0x00007ffc95c50000 - 0x00007ffc95c6f000 	C:\WINDOWS\SYSTEM32\profapi.dll
0x00007ffc823e0000 - 0x00007ffc823f9000 	C:\Program Files\Java\jdk-13.0.1\bin\net.dll
0x00007ffc8dad0000 - 0x00007ffc8dbdc000 	C:\WINDOWS\SYSTEM32\WINHTTP.dll
0x00007ffc95490000 - 0x00007ffc954fa000 	C:\WINDOWS\system32\mswsock.dll
0x00007ffc823c0000 - 0x00007ffc823d3000 	C:\Program Files\Java\jdk-13.0.1\bin\nio.dll
0x00007ffc90810000 - 0x00007ffc90837000 	C:\Users\VISH31\.gradle\native\fdc75f09e3144964f2cf3f50f0aa648679c211496f362492102eb8c894070792\windows-amd64\native-platform.dll
0x00007ffc5aca0000 - 0x00007ffc5ae36000 	C:\Users\VISH31\.gradle\native\12488b8bf47d2d4c9fbf2f6322a914ad602e24e48041cd04a747c6da556b65c4\windows-amd64\native-platform-file-events.dll
0x00007ffc8c000000 - 0x00007ffc8c009000 	C:\Program Files\Java\jdk-13.0.1\bin\management.dll
0x00007ffc8bfe0000 - 0x00007ffc8bfeb000 	C:\Program Files\Java\jdk-13.0.1\bin\management_ext.dll
0x00007ffc956d0000 - 0x00007ffc956e8000 	C:\WINDOWS\SYSTEM32\CRYPTSP.dll
0x00007ffc94dd0000 - 0x00007ffc94e04000 	C:\WINDOWS\system32\rsaenh.dll
0x00007ffc95d90000 - 0x00007ffc95db7000 	C:\WINDOWS\System32\bcrypt.dll
0x00007ffc95bd0000 - 0x00007ffc95bfe000 	C:\WINDOWS\SYSTEM32\USERENV.dll
0x00007ffc956f0000 - 0x00007ffc956fc000 	C:\WINDOWS\SYSTEM32\CRYPTBASE.dll
0x00007ffc95120000 - 0x00007ffc9515b000 	C:\WINDOWS\SYSTEM32\IPHLPAPI.DLL
0x00007ffc97f00000 - 0x00007ffc97f08000 	C:\WINDOWS\System32\NSI.dll
0x00007ffc90480000 - 0x00007ffc90497000 	C:\WINDOWS\SYSTEM32\dhcpcsvc6.DLL
0x00007ffc90460000 - 0x00007ffc9047d000 	C:\WINDOWS\SYSTEM32\dhcpcsvc.DLL
0x00007ffc951c0000 - 0x00007ffc9528b000 	C:\WINDOWS\SYSTEM32\DNSAPI.dll
0x00007ffc90640000 - 0x00007ffc9064b000 	C:\WINDOWS\SYSTEM32\WINNSI.DLL

dbghelp: loaded successfully - version: 4.0.5 - missing functions: none
symbol engine: initialized successfully - sym options: 0x614 - pdb path: .;C:\Program Files\Java\jdk-13.0.1\bin;C:\WINDOWS\SYSTEM32;C:\WINDOWS\WinSxS\amd64_microsoft.windows.common-controls_6595b64144ccf1df_6.0.19041.844_none_ca00b6081b84eb1d;C:\Program Files\Java\jdk-13.0.1\bin\server;C:\Users\VISH31\.gradle\native\fdc75f09e3144964f2cf3f50f0aa648679c211496f362492102eb8c894070792\windows-amd64;C:\Users\VISH31\.gradle\native\12488b8bf47d2d4c9fbf2f6322a914ad602e24e48041cd04a747c6da556b65c4\windows-amd64

VM Arguments:
jvm_args: --add-opens=java.base/java.util=ALL-UNNAMED --add-opens=java.base/java.lang=ALL-UNNAMED --add-opens=java.base/java.lang.invoke=ALL-UNNAMED --add-opens=java.prefs/java.util.prefs=ALL-UNNAMED -Xmx2048m -Dfile.encoding=UTF-8 -Duser.country=IN -Duser.language=en -Duser.variant 
java_command: org.gradle.launcher.daemon.bootstrap.GradleDaemon 6.8
java_class_path (initial): C:\Users\VISH31\.gradle\wrapper\dists\gradle-6.8-all\9emh0d32e025cam7aasxcw002\gradle-6.8\lib\gradle-launcher-6.8.jar
Launcher Type: SUN_STANDARD

[Global flags]
     intx CICompilerCount                          = 4                                         {product} {ergonomic}
     uint ConcGCThreads                            = 2                                         {product} {ergonomic}
     uint G1ConcRefinementThreads                  = 8                                         {product} {ergonomic}
   size_t G1HeapRegionSize                         = 1048576                                   {product} {ergonomic}
    uintx GCDrainStackTargetSize                   = 64                                        {product} {ergonomic}
   size_t InitialHeapSize                          = 132120576                                 {product} {ergonomic}
   size_t MarkStackSize                            = 4194304                                   {product} {ergonomic}
   size_t MaxHeapSize                              = 2147483648                                {product} {command line}
   size_t MaxNewSize                               = 1287651328                                {product} {ergonomic}
   size_t MinHeapDeltaBytes                        = 1048576                                   {product} {ergonomic}
   size_t MinHeapSize                              = 8388608                                   {product} {ergonomic}
    uintx NonNMethodCodeHeapSize                   = 5836300                                {pd product} {ergonomic}
    uintx NonProfiledCodeHeapSize                  = 122910970                              {pd product} {ergonomic}
    uintx ProfiledCodeHeapSize                     = 122910970                              {pd product} {ergonomic}
    uintx ReservedCodeCacheSize                    = 251658240                              {pd product} {ergonomic}
     bool SegmentedCodeCache                       = true                                      {product} {ergonomic}
   size_t SoftMaxHeapSize                          = 2147483648                             {manageable} {ergonomic}
     bool UseCompressedClassPointers               = true                                 {lp64_product} {ergonomic}
     bool UseCompressedOops                        = true                                 {lp64_product} {ergonomic}
     bool UseG1GC                                  = true                                      {product} {ergonomic}
     bool UseLargePagesIndividualAllocation        = false                                  {pd product} {ergonomic}

Logging:
Log output configuration:
 #0: stdout all=warning uptime,level,tags
 #1: stderr all=off uptime,level,tags

Environment Variables:
JAVA_HOME=C:\Program Files\Java\jdk-13.0.1
CLASSPATH=%CLASSPATH%;%Guava_HOME%\guava-18.0.jar;.;;C:\Guava\guava-18.0.jar;.;;C:\Guava\guava-18.0.jar;.;
PATH=C:\WINDOWS\system32;C:\WINDOWS;C:\WINDOWS\System32\Wbem;C:\WINDOWS\System32\WindowsPowerShell\v1.0\;C:\WINDOWS\System32\OpenSSH\;C:\Program Files (x86)\Intel\Intel(R) Management Engine Components\DAL;C:\Program Files\Intel\Intel(R) Management Engine Components\DAL;C:\Program Files\Java\jdk-13.0.1\bin;C:\Users\VISH31\AppData\Local\Android\Sdk\platform-tools;C:\MinGW\bin;C:\Users\VISH31\AppData\Local\Packages\PythonSoftwareFoundation.Python.3.8_qbz5n2kfra8p0\LocalCache\local-packages\Python38\Scripts;D:\bin;D:\anaconda3;D:\anaconda3\Library\mingw-w64\bin;D:\anaconda3\Library\usr\bin;D:\anaconda3\Library\bin;D:\anaconda3\Scripts;C:\Users\VISH31\AppData\Local\Microsoft\WindowsApps;C:\Program Files\Java\jdk-13.0.1\bin;C:\Users\VISH31\AppData\Local\Android\Sdk\tools;C:\Users\VISH31\AppData\Local\Android\Sdk\platform-tools;C:\Users\VISH31\AppData\Local\atom\bin;C:\src\flutter\bin;D:\Python\PyCharm Community Edition 2020.1.3\bin;;D:\Microsoft VS Code\bin;C:\Users\VISH31\AppData\Local\Microsoft\WindowsApps;D:\Git\cmd;D:\Git\mingw64\bin;D:\Git\usr\bin;C:\Users\VISH31\go\bin
USERNAME=VISH31
OS=Windows_NT
PROCESSOR_IDENTIFIER=Intel64 Family 6 Model 158 Stepping 10, GenuineIntel



---------------  S Y S T E M  ---------------

OS: Windows 10 , 64 bit Build 19041 (10.0.19041.804)

CPU:total 8 (initial active 8) (4 cores per cpu, 2 threads per core) family 6 model 158 stepping 10, cmov, cx8, fxsr, mmx, sse, sse2, sse3, ssse3, sse4.1, sse4.2, popcnt, avx, avx2, aes, clmul, erms, 3dnowpref, lzcnt, ht, tsc, tscinvbit, bmi1, bmi2, adx, fma

Memory: 4k page, system-wide physical 8034M (281M free)
TotalPageFile size 32610M (AvailPageFile size 5M)
current process WorkingSet (physical memory assigned to process): 384M, peak: 386M
current process commit charge ("private bytes"): 433M, peak: 434M

vm_info: Java HotSpot(TM) 64-Bit Server VM (13.0.1+9) for windows-amd64 JRE (13.0.1+9), built on Oct  6 2019 12:37:49 by "mach5one" with unknown MS VC++:1916

END.
